------------------------------------------------------------------------------------------------------------------------

[2020-02-28 09:20:21 #1 store] 
Database 'C:\Users\ehu\git\Sprint_1\Bets\resources\bets.temp' is opened by 14984@U109517

[2020-02-28 09:20:21 #2 type] 
Type domain.User is not enhanced.

[2020-02-28 09:20:21 #3 type] 
Type domain.Bet is not enhanced.

[2020-02-28 09:20:21 #4 type] 
Type domain.Question is not enhanced.

[2020-02-28 09:20:21 #5 type] 
Type domain.Event is not enhanced.

------------------------------------------------------------------------------------------------------------------------

[2020-02-28 09:23:17 #1 store] 
Database 'C:\Users\ehu\git\Sprint_2\Bets\resources\bets.temp' has been recovered (tr. 12-12)

[2020-02-28 09:23:17 #2 store] 
Database 'C:\Users\ehu\git\Sprint_2\Bets\resources\bets.temp' is opened by 15756@U109516

[2020-02-28 09:23:17 #3 type] 
Type domain.User is not enhanced.

[2020-02-28 09:23:17 #4 type] 
Type domain.Bet is not enhanced.

[2020-02-28 09:23:17 #5 type] 
Type domain.Question is not enhanced.

[2020-02-28 09:23:17 #6 type] 
Type domain.Event is not enhanced.

------------------------------------------------------------------------------------------------------------------------

[2020-02-28 09:46:54 #1 store] 
Database 'C:\Users\ehu\git\Sprint_2\Bets\resources\bets.temp' has been recovered (tr. 13-13)

[2020-02-28 09:46:54 #2 store] 
Database 'C:\Users\ehu\git\Sprint_2\Bets\resources\bets.temp' is opened by 6084@U109517

[2020-02-28 09:46:54 #3 type] 
Type domain.User is not enhanced.

[2020-02-28 09:46:54 #4 type] 
Type domain.Bet is not enhanced.

[2020-02-28 09:46:54 #5 type] 
Type domain.Question is not enhanced.

[2020-02-28 09:46:54 #6 type] 
Type domain.Event is not enhanced.

------------------------------------------------------------------------------------------------------------------------

[2020-02-28 09:47:04 #1 store] 
Database 'C:\Users\ehu\git\Sprint_2\Bets\resources\bets.temp' is opened by 9760@U109517

[2020-02-28 09:47:04 #2 type] 
Type domain.User is not enhanced.

[2020-02-28 09:47:04 #3 type] 
Type domain.Bet is not enhanced.

[2020-02-28 09:47:04 #4 type] 
Type domain.Question is not enhanced.

[2020-02-28 09:47:04 #5 type] 
Type domain.Event is not enhanced.

------------------------------------------------------------------------------------------------------------------------

[2020-02-28 09:59:03 #1 store] 
Database 'C:\Users\ehu\git\Sprint_2\Bets\resources\bets.temp' is opened by 15504@U109517

[2020-02-28 09:59:03 #2 type] 
Type domain.User is not enhanced.

[2020-02-28 09:59:03 #3 type] 
Type domain.Bet is not enhanced.

[2020-02-28 09:59:03 #4 type] 
Type domain.Question is not enhanced.

[2020-02-28 09:59:03 #5 type] 
Type domain.Event is not enhanced.

------------------------------------------------------------------------------------------------------------------------

[2020-02-28 09:59:47 #1 store] 
Database 'C:\Users\ehu\git\Sprint_2\Bets\resources\bets.temp' is opened by 12496@U109517

[2020-02-28 09:59:47 #2 type] 
Type domain.User is not enhanced.

[2020-02-28 09:59:47 #3 type] 
Type domain.Bet is not enhanced.

[2020-02-28 09:59:47 #4 type] 
Type domain.Question is not enhanced.

[2020-02-28 09:59:47 #5 type] 
Type domain.Event is not enhanced.

------------------------------------------------------------------------------------------------------------------------

[2020-02-28 10:01:10 #1 store] 
Database 'C:\Users\ehu\git\Sprint_2\Bets\resources\bets.temp' is opened by 4620@U109517

[2020-02-28 10:01:10 #2 type] 
Type domain.User is not enhanced.

[2020-02-28 10:01:10 #3 type] 
Type domain.Bet is not enhanced.

[2020-02-28 10:01:10 #4 type] 
Type domain.Question is not enhanced.

[2020-02-28 10:01:10 #5 type] 
Type domain.Event is not enhanced.

------------------------------------------------------------------------------------------------------------------------

[2020-02-28 10:02:13 #1 store] 
Database 'C:\Users\ehu\git\Sprint_2\Bets\resources\bets.temp' is opened by 7232@U109517

[2020-02-28 10:02:13 #2 type] 
Type domain.User is not enhanced.

[2020-02-28 10:02:13 #3 type] 
Type domain.Bet is not enhanced.

[2020-02-28 10:02:13 #4 type] 
Type domain.Question is not enhanced.

[2020-02-28 10:02:13 #5 type] 
Type domain.Event is not enhanced.

------------------------------------------------------------------------------------------------------------------------

[2020-02-28 10:03:20 #1 store] 
Database 'C:\Users\ehu\git\Sprint_2\Bets\resources\bets.temp' is opened by 2552@U109517

[2020-02-28 10:03:20 #2 type] 
Type domain.User is not enhanced.

[2020-02-28 10:03:20 #3 type] 
Type domain.Bet is not enhanced.

[2020-02-28 10:03:20 #4 type] 
Type domain.Question is not enhanced.

[2020-02-28 10:03:20 #5 type] 
Type domain.Event is not enhanced.

------------------------------------------------------------------------------------------------------------------------

[2020-02-28 10:06:39 #1 store] 
Database 'C:\Users\ehu\git\Sprint_2\Bets\resources\bets.temp' is opened by 12636@U109517

[2020-02-28 10:06:39 #2 type] 
Type domain.User is not enhanced.

[2020-02-28 10:06:39 #3 type] 
Type domain.Bet is not enhanced.

[2020-02-28 10:06:39 #4 type] 
Type domain.Question is not enhanced.

[2020-02-28 10:06:39 #5 type] 
Type domain.Event is not enhanced.

------------------------------------------------------------------------------------------------------------------------

[2020-02-28 10:07:21 #1 store] 
Database 'C:\Users\ehu\git\Sprint_2\Bets\resources\bets.temp' is opened by 9260@U109517

[2020-02-28 10:07:22 #2 type] 
Type domain.User is not enhanced.

[2020-02-28 10:07:22 #3 type] 
Type domain.Bet is not enhanced.

[2020-02-28 10:07:22 #4 type] 
Type domain.Question is not enhanced.

[2020-02-28 10:07:22 #5 type] 
Type domain.Event is not enhanced.

------------------------------------------------------------------------------------------------------------------------

[2020-02-28 10:19:18 #1 store] 
Database 'C:\Users\ehu\git\Sprint_2\Bets\resources\bets.temp' is opened by 5040@U109517

[2020-02-28 10:19:19 #2 type] 
Type domain.User is not enhanced.

[2020-02-28 10:19:19 #3 type] 
Type domain.Bet is not enhanced.

[2020-02-28 10:19:19 #4 type] 
Type domain.Question is not enhanced.

[2020-02-28 10:19:19 #5 type] 
Type domain.Event is not enhanced.

------------------------------------------------------------------------------------------------------------------------

[2020-02-28 10:20:19 #1 store] 
Database 'C:\Users\ehu\git\Sprint_2\Bets\resources\bets.temp' is opened by 15720@U109517

[2020-02-28 10:20:19 #2 type] 
Type domain.User is not enhanced.

[2020-02-28 10:20:19 #3 type] 
Type domain.Bet is not enhanced.

[2020-02-28 10:20:19 #4 type] 
Type domain.Question is not enhanced.

[2020-02-28 10:20:19 #5 type] 
Type domain.Event is not enhanced.

------------------------------------------------------------------------------------------------------------------------

[2020-02-28 10:25:02 #1 store] 
Database 'C:\Users\ehu\git\Sprint_2\Bets\resources\bets.temp' is opened by 3116@U109517

[2020-02-28 10:25:02 #2 type] 
Type domain.User is not enhanced.

[2020-02-28 10:25:02 #3 type] 
Type domain.Bet is not enhanced.

[2020-02-28 10:25:02 #4 type] 
Type domain.Question is not enhanced.

[2020-02-28 10:25:02 #5 type] 
Type domain.Event is not enhanced.

------------------------------------------------------------------------------------------------------------------------

[2020-02-28 10:39:42 #1 store] 
Database 'C:\Users\ehu\git\Sprint_2\Bets\resources\bets.temp' is opened by 13524@U109517

[2020-02-28 10:39:42 #2 type] 
Type domain.User is not enhanced.

[2020-02-28 10:39:42 #3 type] 
Type domain.Bet is not enhanced.

[2020-02-28 10:39:42 #4 type] 
Type domain.Question is not enhanced.

[2020-02-28 10:39:42 #5 type] 
Type domain.Event is not enhanced.

------------------------------------------------------------------------------------------------------------------------

[2020-02-28 10:42:04 #1 store] 
Database 'C:\Users\ehu\git\Sprint_2\Bets\resources\bets.temp' is opened by 11680@U109517

[2020-02-28 10:42:04 #2 type] 
Type domain.User is not enhanced.

[2020-02-28 10:42:04 #3 type] 
Type domain.Bet is not enhanced.

[2020-02-28 10:42:04 #4 type] 
Type domain.Question is not enhanced.

[2020-02-28 10:42:04 #5 type] 
Type domain.Event is not enhanced.

------------------------------------------------------------------------------------------------------------------------

[2020-02-28 10:49:17 #1 store] 
Database 'C:\Users\ehu\git\Sprint_2\Bets\resources\bets.temp' is opened by 4768@U109517

[2020-02-28 10:49:17 #2 type] 
Type domain.User is not enhanced.

[2020-02-28 10:49:17 #3 type] 
Type domain.Bet is not enhanced.

[2020-02-28 10:49:17 #4 type] 
Type domain.Question is not enhanced.

[2020-02-28 10:49:17 #5 type] 
Type domain.Event is not enhanced.

------------------------------------------------------------------------------------------------------------------------

[2020-02-28 11:06:12 #1 store] 
Database 'C:\Users\ehu\git\Sprint_2\Bets\resources\bets.temp' is opened by 4804@U109517

[2020-02-28 11:06:12 #2 type] 
Type domain.User is not enhanced.

[2020-02-28 11:06:12 #3 type] 
Type domain.Bet is not enhanced.

[2020-02-28 11:06:12 #4 type] 
Type domain.Question is not enhanced.

[2020-02-28 11:06:12 #5 type] 
Type domain.Event is not enhanced.

------------------------------------------------------------------------------------------------------------------------

[2020-02-28 11:06:30 #1 store] 
Database 'C:\Users\ehu\git\Sprint_2\Bets\resources\bets.temp' is opened by 15848@U109517

[2020-02-28 11:06:30 #2 type] 
Type domain.User is not enhanced.

[2020-02-28 11:06:30 #3 type] 
Type domain.Bet is not enhanced.

[2020-02-28 11:06:30 #4 type] 
Type domain.Question is not enhanced.

[2020-02-28 11:06:30 #5 type] 
Type domain.Event is not enhanced.

------------------------------------------------------------------------------------------------------------------------

[2020-02-28 11:09:12 #1 store] 
Database 'C:\Users\ehu\git\Sprint_2\Bets\resources\bets.temp' is opened by 4768@U109517

[2020-02-28 11:09:12 #2 type] 
Type domain.User is not enhanced.

[2020-02-28 11:09:12 #3 type] 
Type domain.Bet is not enhanced.

[2020-02-28 11:09:12 #4 type] 
Type domain.Question is not enhanced.

[2020-02-28 11:09:12 #5 type] 
Type domain.Event is not enhanced.

------------------------------------------------------------------------------------------------------------------------

[2020-02-28 11:10:38 #1 store] 
Database 'C:\Users\ehu\git\Sprint_2\Bets\resources\bets.temp' is opened by 3788@U109517

[2020-02-28 11:10:38 #2 type] 
Type domain.User is not enhanced.

[2020-02-28 11:10:38 #3 type] 
Type domain.Bet is not enhanced.

[2020-02-28 11:10:38 #4 type] 
Type domain.Question is not enhanced.

[2020-02-28 11:10:38 #5 type] 
Type domain.Event is not enhanced.

------------------------------------------------------------------------------------------------------------------------

[2020-02-28 11:11:14 #1 store] 
Database 'C:\Users\ehu\git\Sprint_2\Bets\resources\bets.temp' is opened by 8396@U109517

[2020-02-28 11:11:14 #2 type] 
Type domain.User is not enhanced.

[2020-02-28 11:11:14 #3 type] 
Type domain.Bet is not enhanced.

[2020-02-28 11:11:14 #4 type] 
Type domain.Question is not enhanced.

[2020-02-28 11:11:14 #5 type] 
Type domain.Event is not enhanced.

------------------------------------------------------------------------------------------------------------------------

[2020-02-28 11:11:33 #1 store] 
Database 'C:\Users\ehu\git\Sprint_2\Bets\resources\bets.temp' is opened by 5744@U109517

[2020-02-28 11:11:33 #2 type] 
Type domain.User is not enhanced.

[2020-02-28 11:11:33 #3 type] 
Type domain.Bet is not enhanced.

[2020-02-28 11:11:33 #4 type] 
Type domain.Question is not enhanced.

[2020-02-28 11:11:33 #5 type] 
Type domain.Event is not enhanced.

------------------------------------------------------------------------------------------------------------------------

[2020-02-28 23:38:55 #1 store] 
Database 'C:\Users\Usuario\Desktop\a\Bets\resources\bets.temp' is opened by 21772@DESKTOP-00OS7EM

[2020-02-28 23:38:55 #2 type] 
Type domain.User is not enhanced.

[2020-02-28 23:38:55 #3 type] 
Type domain.Bet is not enhanced.

[2020-02-28 23:38:55 #4 type] 
Type domain.Question is not enhanced.

[2020-02-28 23:38:55 #5 type] 
Type domain.Event is not enhanced.

[2020-02-28 23:38:55 #6 store] 
Database 'C:\Users\Usuario\Desktop\a\Bets\resources\bets.temp' is closed by 21772@DESKTOP-00OS7EM

[2020-02-28 23:38:57 #7 store] 
Database 'C:\Users\Usuario\Desktop\a\Bets\resources\bets.temp' is opened by 21772@DESKTOP-00OS7EM

[2020-02-28 23:38:57 #8 store] 
Database 'C:\Users\Usuario\Desktop\a\Bets\resources\bets.temp' is closed by 21772@DESKTOP-00OS7EM

[2020-02-28 23:38:59 #9 store] 
Database 'C:\Users\Usuario\Desktop\a\Bets\resources\bets.temp' is opened by 21772@DESKTOP-00OS7EM

[2020-02-28 23:38:59 #10 store] 
Database 'C:\Users\Usuario\Desktop\a\Bets\resources\bets.temp' is closed by 21772@DESKTOP-00OS7EM

------------------------------------------------------------------------------------------------------------------------

[2020-02-28 23:39:31 #1 store] 
Database 'C:\Users\Usuario\Desktop\a\Bets\resources\bets.temp' is opened by 11932@DESKTOP-00OS7EM

[2020-02-28 23:39:31 #2 type] 
Type domain.User is not enhanced.

[2020-02-28 23:39:31 #3 type] 
Type domain.Bet is not enhanced.

[2020-02-28 23:39:31 #4 type] 
Type domain.Question is not enhanced.

[2020-02-28 23:39:31 #5 type] 
Type domain.Event is not enhanced.

------------------------------------------------------------------------------------------------------------------------

[2020-02-28 23:42:35 #1 store] 
Database 'C:\Users\Usuario\Desktop\a\Bets\resources\bets.temp' is opened by 18852@DESKTOP-00OS7EM

[2020-02-28 23:42:35 #2 type] 
Type domain.User is not enhanced.

[2020-02-28 23:42:35 #3 type] 
Type domain.Bet is not enhanced.

[2020-02-28 23:42:35 #4 type] 
Type domain.Question is not enhanced.

[2020-02-28 23:42:35 #5 type] 
Type domain.Event is not enhanced.

[2020-02-28 23:42:35 #6 store] 
Database 'C:\Users\Usuario\Desktop\a\Bets\resources\bets.temp' is closed by 18852@DESKTOP-00OS7EM

[2020-02-28 23:42:37 #7 store] 
Database 'C:\Users\Usuario\Desktop\a\Bets\resources\bets.temp' is opened by 18852@DESKTOP-00OS7EM

[2020-02-28 23:42:37 #8 store] 
Database 'C:\Users\Usuario\Desktop\a\Bets\resources\bets.temp' is closed by 18852@DESKTOP-00OS7EM

------------------------------------------------------------------------------------------------------------------------

[2020-02-28 23:42:41 #1 store] 
Database 'C:\Users\Usuario\Desktop\a\Bets\resources\bets.temp' is opened by 7588@DESKTOP-00OS7EM

[2020-02-28 23:42:41 #2 type] 
Type domain.User is not enhanced.

[2020-02-28 23:42:41 #3 type] 
Type domain.Bet is not enhanced.

[2020-02-28 23:42:41 #4 type] 
Type domain.Question is not enhanced.

[2020-02-28 23:42:41 #5 type] 
Type domain.Event is not enhanced.

[2020-02-28 23:42:41 #6 store] 
Database 'C:\Users\Usuario\Desktop\a\Bets\resources\bets.temp' is closed by 7588@DESKTOP-00OS7EM

[2020-02-28 23:42:46 #7 store] 
Database 'C:\Users\Usuario\Desktop\a\Bets\resources\bets.temp' is opened by 7588@DESKTOP-00OS7EM

------------------------------------------------------------------------------------------------------------------------

[2020-02-28 23:43:01 #1 store] 
Database 'C:\Users\Usuario\Desktop\a\Bets\resources\bets.temp' is opened by 22320@DESKTOP-00OS7EM

[2020-02-28 23:43:01 #2 type] 
Type domain.User is not enhanced.

[2020-02-28 23:43:01 #3 type] 
Type domain.Bet is not enhanced.

[2020-02-28 23:43:01 #4 type] 
Type domain.Question is not enhanced.

[2020-02-28 23:43:01 #5 type] 
Type domain.Event is not enhanced.

[2020-02-28 23:43:01 #6 store] 
Database 'C:\Users\Usuario\Desktop\a\Bets\resources\bets.temp' is closed by 22320@DESKTOP-00OS7EM

[2020-02-28 23:43:05 #7 store] 
Database 'C:\Users\Usuario\Desktop\a\Bets\resources\bets.temp' is opened by 22320@DESKTOP-00OS7EM

------------------------------------------------------------------------------------------------------------------------

[2020-02-28 23:50:39 #1 store] 
Database 'C:\Users\Usuario\Desktop\a\Bets\resources\bets.temp' is opened by 2384@DESKTOP-00OS7EM

[2020-02-28 23:50:39 #2 type] 
Type domain.User is not enhanced.

[2020-02-28 23:50:39 #3 type] 
Type domain.Bet is not enhanced.

[2020-02-28 23:50:39 #4 type] 
Type domain.Question is not enhanced.

[2020-02-28 23:50:39 #5 type] 
Type domain.Event is not enhanced.

------------------------------------------------------------------------------------------------------------------------

[2020-02-28 23:51:47 #1 store] 
Database 'C:\Users\Usuario\Desktop\a\Bets\resources\bets.temp' is opened by 18152@DESKTOP-00OS7EM

[2020-02-28 23:51:47 #2 type] 
Type domain.User is not enhanced.

[2020-02-28 23:51:47 #3 type] 
Type domain.Bet is not enhanced.

[2020-02-28 23:51:47 #4 type] 
Type domain.Question is not enhanced.

[2020-02-28 23:51:47 #5 type] 
Type domain.Event is not enhanced.

------------------------------------------------------------------------------------------------------------------------

[2020-02-28 23:57:53 #1 store] 
Database 'C:\Users\Usuario\Desktop\a\Bets\resources\bets.temp' is opened by 8488@DESKTOP-00OS7EM

[2020-02-28 23:57:53 #2 type] 
Type domain.User is not enhanced.

[2020-02-28 23:57:53 #3 type] 
Type domain.Bet is not enhanced.

[2020-02-28 23:57:53 #4 type] 
Type domain.Question is not enhanced.

[2020-02-28 23:57:53 #5 type] 
Type domain.Event is not enhanced.

[2020-02-28 23:57:53 #6 store] 
Database 'C:\Users\Usuario\Desktop\a\Bets\resources\bets.temp' is closed by 8488@DESKTOP-00OS7EM

------------------------------------------------------------------------------------------------------------------------

[2020-02-28 23:58:00 #1 store] 
Database 'C:\Users\Usuario\Desktop\a\Bets\resources\bets.temp' is opened by 23048@DESKTOP-00OS7EM

[2020-02-28 23:58:00 #2 type] 
Type domain.User is not enhanced.

[2020-02-28 23:58:00 #3 type] 
Type domain.Bet is not enhanced.

[2020-02-28 23:58:00 #4 type] 
Type domain.Question is not enhanced.

[2020-02-28 23:58:00 #5 type] 
Type domain.Event is not enhanced.

[2020-02-28 23:58:00 #6 store] 
Database 'C:\Users\Usuario\Desktop\a\Bets\resources\bets.temp' is closed by 23048@DESKTOP-00OS7EM

[2020-02-28 23:58:01 #7 store] 
Database 'C:\Users\Usuario\Desktop\a\Bets\resources\bets.temp' is opened by 23048@DESKTOP-00OS7EM

[2020-02-28 23:58:01 #8 store] 
Database 'C:\Users\Usuario\Desktop\a\Bets\resources\bets.temp' is closed by 23048@DESKTOP-00OS7EM

[2020-02-28 23:58:10 #7 store] 
Database 'C:\Users\Usuario\Desktop\a\Bets\resources\bets.temp' is opened by 8488@DESKTOP-00OS7EM

[2020-02-28 23:58:10 #8 store] 
Database 'C:\Users\Usuario\Desktop\a\Bets\resources\bets.temp' is closed by 8488@DESKTOP-00OS7EM

[2020-02-28 23:58:11 #9 store] 
Database 'C:\Users\Usuario\Desktop\a\Bets\resources\bets.temp' is opened by 8488@DESKTOP-00OS7EM

[2020-02-28 23:58:11 #10 store] 
Database 'C:\Users\Usuario\Desktop\a\Bets\resources\bets.temp' is closed by 8488@DESKTOP-00OS7EM

[2020-02-28 23:58:11 #11 store] 
Database 'C:\Users\Usuario\Desktop\a\Bets\resources\bets.temp' is opened by 8488@DESKTOP-00OS7EM

[2020-02-28 23:58:11 #12 store] 
Database 'C:\Users\Usuario\Desktop\a\Bets\resources\bets.temp' is closed by 8488@DESKTOP-00OS7EM

[2020-02-28 23:58:16 #13 store] 
Database 'C:\Users\Usuario\Desktop\a\Bets\resources\bets.temp' is opened by 8488@DESKTOP-00OS7EM

