------------------------------------------------------------------------------------------------------------------------

[2020-02-27 12:52:44 #1 store] 
Database '/home/jonander/git/Sprint_1/Bets/resources/bets.temp' is opened by 27260@pop-os

[2020-02-27 12:52:44 #2 type.registry] 
New type domain.User

[2020-02-27 12:52:44 #3 type] 
Type domain.User is not enhanced.

[2020-02-27 12:52:44 #4 type.registry] 
New type domain.Bet

[2020-02-27 12:52:44 #5 type.registry] 
New type java.util.ArrayList<domain.Bet>

[2020-02-27 12:52:44 #6 type] 
Type domain.Bet is not enhanced.

[2020-02-27 12:52:44 #7 type.registry] 
New type domain.Question

[2020-02-27 12:52:44 #8 type] 
Type domain.Question is not enhanced.

[2020-02-27 12:52:44 #9 type.registry] 
New type domain.Event

[2020-02-27 12:52:44 #10 type] 
Type domain.Event is not enhanced.

[2020-02-27 12:52:44 #11 type.registry] 
New type java.util.Vector<domain.Question>

[2020-02-27 12:52:44 #12 type.registry] 
New type java.util.ArrayList<java.lang.Object>

[2020-02-27 12:52:44 #13 type.registry] 
New type java.util.Vector<java.lang.Object>

------------------------------------------------------------------------------------------------------------------------

[2020-02-27 12:58:44 #1 store] 
Database '/home/jonander/git/Sprint_1/Bets/resources/bets.temp' is opened by 27638@pop-os

[2020-02-27 12:58:44 #2 type.registry] 
New type domain.User

[2020-02-27 12:58:44 #3 type] 
Type domain.User is not enhanced.

[2020-02-27 12:58:44 #4 type.registry] 
New type domain.Bet

[2020-02-27 12:58:44 #5 type.registry] 
New type java.util.ArrayList<domain.Bet>

[2020-02-27 12:58:44 #6 type] 
Type domain.Bet is not enhanced.

[2020-02-27 12:58:44 #7 type.registry] 
New type domain.Question

[2020-02-27 12:58:44 #8 type] 
Type domain.Question is not enhanced.

[2020-02-27 12:58:44 #9 type.registry] 
New type domain.Event

[2020-02-27 12:58:44 #10 type] 
Type domain.Event is not enhanced.

[2020-02-27 12:58:44 #11 type.registry] 
New type java.util.Vector<domain.Question>

[2020-02-27 12:58:44 #12 type.registry] 
New type java.util.ArrayList<java.lang.Object>

[2020-02-27 12:58:44 #13 type.registry] 
New type java.util.Vector<java.lang.Object>

------------------------------------------------------------------------------------------------------------------------

[2020-02-27 13:00:04 #1 store] 
Database '/home/jonander/git/Sprint_1/Bets/resources/bets.temp' is opened by 28003@pop-os

[2020-02-27 13:00:04 #2 type.registry] 
New type domain.User

[2020-02-27 13:00:04 #3 type] 
Type domain.User is not enhanced.

[2020-02-27 13:00:04 #4 type.registry] 
New type domain.Bet

[2020-02-27 13:00:04 #5 type.registry] 
New type java.util.ArrayList<domain.Bet>

[2020-02-27 13:00:04 #6 type] 
Type domain.Bet is not enhanced.

[2020-02-27 13:00:04 #7 type.registry] 
New type domain.Question

[2020-02-27 13:00:04 #8 type] 
Type domain.Question is not enhanced.

[2020-02-27 13:00:04 #9 type.registry] 
New type domain.Event

[2020-02-27 13:00:04 #10 type] 
Type domain.Event is not enhanced.

[2020-02-27 13:00:04 #11 type.registry] 
New type java.util.Vector<domain.Question>

[2020-02-27 13:00:04 #12 type.registry] 
New type java.util.ArrayList<java.lang.Object>

[2020-02-27 13:00:04 #13 type.registry] 
New type java.util.Vector<java.lang.Object>

------------------------------------------------------------------------------------------------------------------------

[2020-02-27 13:07:21 #1 store] 
Database '/home/jonander/git/Sprint_1/Bets/resources/bets.temp' is opened by 28950@pop-os

[2020-02-27 13:07:21 #2 type.registry] 
New type domain.User

[2020-02-27 13:07:21 #3 type] 
Type domain.User is not enhanced.

[2020-02-27 13:07:21 #4 type.registry] 
New type domain.Bet

[2020-02-27 13:07:21 #5 type.registry] 
New type java.util.ArrayList<domain.Bet>

[2020-02-27 13:07:21 #6 type] 
Type domain.Bet is not enhanced.

[2020-02-27 13:07:21 #7 type.registry] 
New type domain.Question

[2020-02-27 13:07:21 #8 type] 
Type domain.Question is not enhanced.

[2020-02-27 13:07:21 #9 type.registry] 
New type domain.Event

[2020-02-27 13:07:21 #10 type] 
Type domain.Event is not enhanced.

[2020-02-27 13:07:21 #11 type.registry] 
New type java.util.Vector<domain.Question>

[2020-02-27 13:07:21 #12 type.registry] 
New type java.util.ArrayList<java.lang.Object>

[2020-02-27 13:07:21 #13 type.registry] 
New type java.util.Vector<java.lang.Object>

------------------------------------------------------------------------------------------------------------------------

[2020-02-27 13:07:59 #1 store] 
Database '/home/jonander/git/Sprint_1/Bets/resources/bets.temp' is opened by 29032@pop-os

[2020-02-27 13:07:59 #2 type.registry] 
New type domain.User

[2020-02-27 13:07:59 #3 type] 
Type domain.User is not enhanced.

[2020-02-27 13:07:59 #4 type.registry] 
New type domain.Bet

[2020-02-27 13:07:59 #5 type.registry] 
New type java.util.ArrayList<domain.Bet>

[2020-02-27 13:07:59 #6 type] 
Type domain.Bet is not enhanced.

[2020-02-27 13:07:59 #7 type.registry] 
New type domain.Question

[2020-02-27 13:07:59 #8 type] 
Type domain.Question is not enhanced.

[2020-02-27 13:07:59 #9 type.registry] 
New type domain.Event

[2020-02-27 13:07:59 #10 type] 
Type domain.Event is not enhanced.

[2020-02-27 13:07:59 #11 type.registry] 
New type java.util.Vector<domain.Question>

[2020-02-27 13:07:59 #12 type.registry] 
New type java.util.ArrayList<java.lang.Object>

[2020-02-27 13:07:59 #13 type.registry] 
New type java.util.Vector<java.lang.Object>

------------------------------------------------------------------------------------------------------------------------

[2020-02-27 13:11:00 #1 store] 
Database '/home/jonander/git/Sprint_1/Bets/resources/bets.temp' is opened by 29255@pop-os

[2020-02-27 13:11:01 #2 type.registry] 
New type domain.User

[2020-02-27 13:11:01 #3 type] 
Type domain.User is not enhanced.

[2020-02-27 13:11:01 #4 type.registry] 
New type domain.Bet

[2020-02-27 13:11:01 #5 type.registry] 
New type java.util.ArrayList<domain.Bet>

[2020-02-27 13:11:01 #6 type] 
Type domain.Bet is not enhanced.

[2020-02-27 13:11:01 #7 type.registry] 
New type domain.Question

[2020-02-27 13:11:01 #8 type] 
Type domain.Question is not enhanced.

[2020-02-27 13:11:01 #9 type.registry] 
New type domain.Event

[2020-02-27 13:11:01 #10 type] 
Type domain.Event is not enhanced.

[2020-02-27 13:11:01 #11 type.registry] 
New type java.util.Vector<domain.Question>

[2020-02-27 13:11:01 #12 type.registry] 
New type java.util.ArrayList<java.lang.Object>

[2020-02-27 13:11:01 #13 type.registry] 
New type java.util.Vector<java.lang.Object>

------------------------------------------------------------------------------------------------------------------------

[2020-02-27 13:11:19 #1 store] 
Database '/home/jonander/git/Sprint_1/Bets/resources/bets.temp' is opened by 29334@pop-os

[2020-02-27 13:11:19 #2 type.registry] 
New type domain.User

[2020-02-27 13:11:19 #3 type] 
Type domain.User is not enhanced.

[2020-02-27 13:11:19 #4 type.registry] 
New type domain.Bet

[2020-02-27 13:11:19 #5 type.registry] 
New type java.util.ArrayList<domain.Bet>

[2020-02-27 13:11:19 #6 type] 
Type domain.Bet is not enhanced.

[2020-02-27 13:11:19 #7 type.registry] 
New type domain.Question

[2020-02-27 13:11:19 #8 type] 
Type domain.Question is not enhanced.

[2020-02-27 13:11:19 #9 type.registry] 
New type domain.Event

[2020-02-27 13:11:19 #10 type] 
Type domain.Event is not enhanced.

[2020-02-27 13:11:19 #11 type.registry] 
New type java.util.Vector<domain.Question>

[2020-02-27 13:11:19 #12 type.registry] 
New type java.util.ArrayList<java.lang.Object>

[2020-02-27 13:11:19 #13 type.registry] 
New type java.util.Vector<java.lang.Object>

------------------------------------------------------------------------------------------------------------------------

[2020-02-27 13:12:08 #1 store] 
Database '/home/jonander/git/Sprint_1/Bets/resources/bets.temp' is opened by 29409@pop-os

[2020-02-27 13:12:08 #2 type.registry] 
New type domain.User

[2020-02-27 13:12:08 #3 type] 
Type domain.User is not enhanced.

[2020-02-27 13:12:08 #4 type.registry] 
New type domain.Bet

[2020-02-27 13:12:08 #5 type.registry] 
New type java.util.ArrayList<domain.Bet>

[2020-02-27 13:12:08 #6 type] 
Type domain.Bet is not enhanced.

[2020-02-27 13:12:08 #7 type.registry] 
New type domain.Question

[2020-02-27 13:12:08 #8 type] 
Type domain.Question is not enhanced.

[2020-02-27 13:12:08 #9 type.registry] 
New type domain.Event

[2020-02-27 13:12:08 #10 type] 
Type domain.Event is not enhanced.

[2020-02-27 13:12:08 #11 type.registry] 
New type java.util.Vector<domain.Question>

[2020-02-27 13:12:08 #12 type.registry] 
New type java.util.ArrayList<java.lang.Object>

[2020-02-27 13:12:08 #13 type.registry] 
New type java.util.Vector<java.lang.Object>

------------------------------------------------------------------------------------------------------------------------

[2020-02-27 13:12:32 #1 store] 
Database '/home/jonander/git/Sprint_1/Bets/resources/bets.temp' is opened by 29460@pop-os

[2020-02-27 13:12:33 #2 type.registry] 
New type domain.User

[2020-02-27 13:12:33 #3 type] 
Type domain.User is not enhanced.

[2020-02-27 13:12:33 #4 type.registry] 
New type domain.Bet

[2020-02-27 13:12:33 #5 type.registry] 
New type java.util.ArrayList<domain.Bet>

[2020-02-27 13:12:33 #6 type] 
Type domain.Bet is not enhanced.

[2020-02-27 13:12:33 #7 type.registry] 
New type domain.Question

[2020-02-27 13:12:33 #8 type] 
Type domain.Question is not enhanced.

[2020-02-27 13:12:33 #9 type.registry] 
New type domain.Event

[2020-02-27 13:12:33 #10 type] 
Type domain.Event is not enhanced.

[2020-02-27 13:12:33 #11 type.registry] 
New type java.util.Vector<domain.Question>

[2020-02-27 13:12:33 #12 type.registry] 
New type java.util.ArrayList<java.lang.Object>

[2020-02-27 13:12:33 #13 type.registry] 
New type java.util.Vector<java.lang.Object>

------------------------------------------------------------------------------------------------------------------------

[2020-02-27 13:13:47 #1 store] 
Database '/home/jonander/git/Sprint_1/Bets/resources/bets.temp' is opened by 29580@pop-os

[2020-02-27 13:13:47 #2 type.registry] 
New type domain.User

[2020-02-27 13:13:47 #3 type] 
Type domain.User is not enhanced.

[2020-02-27 13:13:47 #4 type.registry] 
New type domain.Bet

[2020-02-27 13:13:47 #5 type.registry] 
New type java.util.ArrayList<domain.Bet>

[2020-02-27 13:13:47 #6 type] 
Type domain.Bet is not enhanced.

[2020-02-27 13:13:47 #7 type.registry] 
New type domain.Question

[2020-02-27 13:13:47 #8 type] 
Type domain.Question is not enhanced.

[2020-02-27 13:13:47 #9 type.registry] 
New type domain.Event

[2020-02-27 13:13:47 #10 type] 
Type domain.Event is not enhanced.

[2020-02-27 13:13:47 #11 type.registry] 
New type java.util.Vector<domain.Question>

[2020-02-27 13:13:47 #12 type.registry] 
New type java.util.ArrayList<java.lang.Object>

[2020-02-27 13:13:47 #13 type.registry] 
New type java.util.Vector<java.lang.Object>

------------------------------------------------------------------------------------------------------------------------

[2020-02-27 13:18:55 #1 store] 
Database '/home/jonander/git/Sprint_1/Bets/resources/bets.temp' is opened by 30348@pop-os

[2020-02-27 13:18:55 #2 type.registry] 
New type domain.User

[2020-02-27 13:18:55 #3 type] 
Type domain.User is not enhanced.

[2020-02-27 13:18:55 #4 type.registry] 
New type domain.Bet

[2020-02-27 13:18:55 #5 type.registry] 
New type java.util.ArrayList<domain.Bet>

[2020-02-27 13:18:55 #6 type] 
Type domain.Bet is not enhanced.

[2020-02-27 13:18:55 #7 type.registry] 
New type domain.Question

[2020-02-27 13:18:55 #8 type] 
Type domain.Question is not enhanced.

[2020-02-27 13:18:55 #9 type.registry] 
New type domain.Event

[2020-02-27 13:18:55 #10 type] 
Type domain.Event is not enhanced.

[2020-02-27 13:18:55 #11 type.registry] 
New type java.util.Vector<domain.Question>

[2020-02-27 13:18:55 #12 type.registry] 
New type java.util.ArrayList<java.lang.Object>

[2020-02-27 13:18:55 #13 type.registry] 
New type java.util.Vector<java.lang.Object>

------------------------------------------------------------------------------------------------------------------------

[2020-02-27 13:20:08 #1 store] 
Database '/home/jonander/git/Sprint_1/Bets/resources/bets.temp' is opened by 30518@pop-os

[2020-02-27 13:20:08 #2 type.registry] 
New type domain.User

[2020-02-27 13:20:08 #3 type] 
Type domain.User is not enhanced.

[2020-02-27 13:20:08 #4 type.registry] 
New type domain.Bet

[2020-02-27 13:20:08 #5 type.registry] 
New type java.util.ArrayList<domain.Bet>

[2020-02-27 13:20:08 #6 type] 
Type domain.Bet is not enhanced.

[2020-02-27 13:20:08 #7 type.registry] 
New type domain.Question

[2020-02-27 13:20:08 #8 type] 
Type domain.Question is not enhanced.

[2020-02-27 13:20:08 #9 type.registry] 
New type domain.Event

[2020-02-27 13:20:08 #10 type] 
Type domain.Event is not enhanced.

[2020-02-27 13:20:08 #11 type.registry] 
New type java.util.Vector<domain.Question>

[2020-02-27 13:20:08 #12 type.registry] 
New type java.util.ArrayList<java.lang.Object>

[2020-02-27 13:20:08 #13 type.registry] 
New type java.util.Vector<java.lang.Object>

------------------------------------------------------------------------------------------------------------------------

[2020-02-27 13:21:39 #1 store] 
Database '/home/jonander/git/Sprint_1/Bets/resources/bets.temp' is opened by 30726@pop-os

[2020-02-27 13:21:39 #2 type.registry] 
New type domain.User

[2020-02-27 13:21:39 #3 type] 
Type domain.User is not enhanced.

[2020-02-27 13:21:39 #4 type.registry] 
New type domain.Bet

[2020-02-27 13:21:39 #5 type.registry] 
New type java.util.ArrayList<domain.Bet>

[2020-02-27 13:21:39 #6 type] 
Type domain.Bet is not enhanced.

[2020-02-27 13:21:39 #7 type.registry] 
New type domain.Question

[2020-02-27 13:21:39 #8 type] 
Type domain.Question is not enhanced.

[2020-02-27 13:21:39 #9 type.registry] 
New type domain.Event

[2020-02-27 13:21:39 #10 type] 
Type domain.Event is not enhanced.

[2020-02-27 13:21:39 #11 type.registry] 
New type java.util.Vector<domain.Question>

[2020-02-27 13:21:39 #12 type.registry] 
New type java.util.ArrayList<java.lang.Object>

[2020-02-27 13:21:39 #13 type.registry] 
New type java.util.Vector<java.lang.Object>

------------------------------------------------------------------------------------------------------------------------

[2020-02-27 13:25:02 #1 store] 
Database '/home/jonander/git/Sprint_1/Bets/resources/bets.temp' is opened by 31642@pop-os

[2020-02-27 13:25:02 #2 type.registry] 
New type domain.User

[2020-02-27 13:25:02 #3 type] 
Type domain.User is not enhanced.

[2020-02-27 13:25:02 #4 type.registry] 
New type domain.Bet

[2020-02-27 13:25:02 #5 type.registry] 
New type java.util.ArrayList<domain.Bet>

[2020-02-27 13:25:02 #6 type] 
Type domain.Bet is not enhanced.

[2020-02-27 13:25:02 #7 type.registry] 
New type domain.Question

[2020-02-27 13:25:02 #8 type] 
Type domain.Question is not enhanced.

[2020-02-27 13:25:02 #9 type.registry] 
New type domain.Event

[2020-02-27 13:25:02 #10 type] 
Type domain.Event is not enhanced.

[2020-02-27 13:25:02 #11 type.registry] 
New type java.util.Vector<domain.Question>

[2020-02-27 13:25:02 #12 type.registry] 
New type java.util.ArrayList<java.lang.Object>

[2020-02-27 13:25:02 #13 type.registry] 
New type java.util.Vector<java.lang.Object>

------------------------------------------------------------------------------------------------------------------------

[2020-02-27 13:35:48 #1 store] 
Database '/home/jonander/git/Sprint_1/Bets/resources/bets.temp' is opened by 32653@pop-os

[2020-02-27 13:35:48 #2 type.registry] 
New type domain.User

[2020-02-27 13:35:48 #3 type] 
Type domain.User is not enhanced.

[2020-02-27 13:35:48 #4 type.registry] 
New type domain.Bet

[2020-02-27 13:35:48 #5 type.registry] 
New type java.util.ArrayList<domain.Bet>

[2020-02-27 13:35:48 #6 type] 
Type domain.Bet is not enhanced.

[2020-02-27 13:35:48 #7 type.registry] 
New type domain.Question

[2020-02-27 13:35:48 #8 type] 
Type domain.Question is not enhanced.

[2020-02-27 13:35:48 #9 type.registry] 
New type domain.Event

[2020-02-27 13:35:48 #10 type] 
Type domain.Event is not enhanced.

[2020-02-27 13:35:48 #11 type.registry] 
New type java.util.Vector<domain.Question>

[2020-02-27 13:35:48 #12 type.registry] 
New type java.util.ArrayList<java.lang.Object>

[2020-02-27 13:35:48 #13 type.registry] 
New type java.util.Vector<java.lang.Object>

------------------------------------------------------------------------------------------------------------------------

[2020-02-27 13:45:01 #1 store] 
Database '/home/jonander/git/Sprint_1/Bets/resources/bets.temp' is opened by 1337@pop-os

[2020-02-27 13:45:01 #2 type.registry] 
New type domain.User

[2020-02-27 13:45:01 #3 type] 
Type domain.User is not enhanced.

[2020-02-27 13:45:01 #4 type.registry] 
New type domain.Bet

[2020-02-27 13:45:01 #5 type.registry] 
New type java.util.ArrayList<domain.Bet>

[2020-02-27 13:45:01 #6 type] 
Type domain.Bet is not enhanced.

[2020-02-27 13:45:01 #7 type.registry] 
New type domain.Question

[2020-02-27 13:45:01 #8 type] 
Type domain.Question is not enhanced.

[2020-02-27 13:45:01 #9 type.registry] 
New type domain.Event

[2020-02-27 13:45:01 #10 type] 
Type domain.Event is not enhanced.

[2020-02-27 13:45:01 #11 type.registry] 
New type java.util.Vector<domain.Question>

[2020-02-27 13:45:01 #12 type.registry] 
New type java.util.ArrayList<java.lang.Object>

[2020-02-27 13:45:01 #13 type.registry] 
New type java.util.Vector<java.lang.Object>

------------------------------------------------------------------------------------------------------------------------

[2020-02-27 13:51:08 #1 store] 
Database '/home/jonander/git/Sprint_1/Bets/resources/bets.temp' is opened by 2294@pop-os

[2020-02-27 13:51:08 #2 type.registry] 
New type domain.User

[2020-02-27 13:51:08 #3 type] 
Type domain.User is not enhanced.

[2020-02-27 13:51:08 #4 type.registry] 
New type domain.Bet

[2020-02-27 13:51:08 #5 type.registry] 
New type java.util.ArrayList<domain.Bet>

[2020-02-27 13:51:08 #6 type] 
Type domain.Bet is not enhanced.

[2020-02-27 13:51:08 #7 type.registry] 
New type domain.Question

[2020-02-27 13:51:08 #8 type] 
Type domain.Question is not enhanced.

[2020-02-27 13:51:08 #9 type.registry] 
New type domain.Event

[2020-02-27 13:51:08 #10 type] 
Type domain.Event is not enhanced.

[2020-02-27 13:51:08 #11 type.registry] 
New type java.util.Vector<domain.Question>

[2020-02-27 13:51:08 #12 type.registry] 
New type java.util.ArrayList<java.lang.Object>

[2020-02-27 13:51:08 #13 type.registry] 
New type java.util.Vector<java.lang.Object>

------------------------------------------------------------------------------------------------------------------------

[2020-02-27 13:52:13 #1 store] 
Database '/home/jonander/git/Sprint_1/Bets/resources/bets.temp' is opened by 2414@pop-os

[2020-02-27 13:52:13 #2 type.registry] 
New type domain.User

[2020-02-27 13:52:13 #3 type] 
Type domain.User is not enhanced.

[2020-02-27 13:52:13 #4 type.registry] 
New type domain.Bet

[2020-02-27 13:52:13 #5 type.registry] 
New type java.util.ArrayList<domain.Bet>

[2020-02-27 13:52:13 #6 type] 
Type domain.Bet is not enhanced.

[2020-02-27 13:52:13 #7 type.registry] 
New type domain.Question

[2020-02-27 13:52:13 #8 type] 
Type domain.Question is not enhanced.

[2020-02-27 13:52:13 #9 type.registry] 
New type domain.Event

[2020-02-27 13:52:13 #10 type] 
Type domain.Event is not enhanced.

[2020-02-27 13:52:13 #11 type.registry] 
New type java.util.Vector<domain.Question>

[2020-02-27 13:52:13 #12 type.registry] 
New type java.util.ArrayList<java.lang.Object>

[2020-02-27 13:52:13 #13 type.registry] 
New type java.util.Vector<java.lang.Object>

------------------------------------------------------------------------------------------------------------------------

[2020-02-27 13:53:31 #1 store] 
Database '/home/jonander/git/Sprint_1/Bets/resources/bets.temp' is opened by 2541@pop-os

[2020-02-27 13:53:31 #2 type.registry] 
New type domain.User

[2020-02-27 13:53:31 #3 type] 
Type domain.User is not enhanced.

[2020-02-27 13:53:31 #4 type.registry] 
New type domain.Bet

[2020-02-27 13:53:31 #5 type.registry] 
New type java.util.ArrayList<domain.Bet>

[2020-02-27 13:53:31 #6 type] 
Type domain.Bet is not enhanced.

[2020-02-27 13:53:31 #7 type.registry] 
New type domain.Question

[2020-02-27 13:53:31 #8 type] 
Type domain.Question is not enhanced.

[2020-02-27 13:53:31 #9 type.registry] 
New type domain.Event

[2020-02-27 13:53:31 #10 type] 
Type domain.Event is not enhanced.

[2020-02-27 13:53:31 #11 type.registry] 
New type java.util.Vector<domain.Question>

[2020-02-27 13:53:31 #12 type.registry] 
New type java.util.ArrayList<java.lang.Object>

[2020-02-27 13:53:31 #13 type.registry] 
New type java.util.Vector<java.lang.Object>

------------------------------------------------------------------------------------------------------------------------

[2020-02-27 14:10:00 #1 store] 
Database '/home/jonander/git/Sprint_1/Bets/resources/bets.temp' is opened by 3770@pop-os

[2020-02-27 14:10:00 #2 type.registry] 
New type domain.User

[2020-02-27 14:10:00 #3 type] 
Type domain.User is not enhanced.

[2020-02-27 14:10:00 #4 type.registry] 
New type domain.Bet

[2020-02-27 14:10:00 #5 type.registry] 
New type java.util.ArrayList<domain.Bet>

[2020-02-27 14:10:00 #6 type] 
Type domain.Bet is not enhanced.

[2020-02-27 14:10:00 #7 type.registry] 
New type domain.Question

[2020-02-27 14:10:00 #8 type] 
Type domain.Question is not enhanced.

[2020-02-27 14:10:00 #9 type.registry] 
New type domain.Event

[2020-02-27 14:10:00 #10 type] 
Type domain.Event is not enhanced.

[2020-02-27 14:10:00 #11 type.registry] 
New type java.util.Vector<domain.Question>

[2020-02-27 14:10:00 #12 type.registry] 
New type java.util.ArrayList<java.lang.Object>

[2020-02-27 14:10:00 #13 type.registry] 
New type java.util.Vector<java.lang.Object>

------------------------------------------------------------------------------------------------------------------------

[2020-02-27 14:10:08 #1 store] 
Database '/home/jonander/git/Sprint_1/Bets/resources/bets.temp' is opened by 3810@pop-os

[2020-02-27 14:10:08 #2 type.registry] 
New type domain.User

[2020-02-27 14:10:08 #3 type] 
Type domain.User is not enhanced.

[2020-02-27 14:10:08 #4 type.registry] 
New type domain.Bet

[2020-02-27 14:10:08 #5 type.registry] 
New type java.util.ArrayList<domain.Bet>

[2020-02-27 14:10:08 #6 type] 
Type domain.Bet is not enhanced.

[2020-02-27 14:10:08 #7 type.registry] 
New type domain.Question

[2020-02-27 14:10:08 #8 type] 
Type domain.Question is not enhanced.

[2020-02-27 14:10:08 #9 type.registry] 
New type domain.Event

[2020-02-27 14:10:08 #10 type] 
Type domain.Event is not enhanced.

[2020-02-27 14:10:08 #11 type.registry] 
New type java.util.Vector<domain.Question>

[2020-02-27 14:10:08 #12 type.registry] 
New type java.util.ArrayList<java.lang.Object>

[2020-02-27 14:10:08 #13 type.registry] 
New type java.util.Vector<java.lang.Object>

------------------------------------------------------------------------------------------------------------------------

[2020-02-27 14:11:39 #1 store] 
Database '/home/jonander/git/Sprint_1/Bets/resources/bets.temp' is opened by 3983@pop-os

[2020-02-27 14:11:39 #2 type.registry] 
New type domain.User

[2020-02-27 14:11:39 #3 type] 
Type domain.User is not enhanced.

[2020-02-27 14:11:39 #4 type.registry] 
New type domain.Bet

[2020-02-27 14:11:39 #5 type.registry] 
New type java.util.ArrayList<domain.Bet>

[2020-02-27 14:11:39 #6 type] 
Type domain.Bet is not enhanced.

[2020-02-27 14:11:39 #7 type.registry] 
New type domain.Question

[2020-02-27 14:11:39 #8 type] 
Type domain.Question is not enhanced.

[2020-02-27 14:11:39 #9 type.registry] 
New type domain.Event

[2020-02-27 14:11:39 #10 type] 
Type domain.Event is not enhanced.

[2020-02-27 14:11:39 #11 type.registry] 
New type java.util.Vector<domain.Question>

[2020-02-27 14:11:39 #12 type.registry] 
New type java.util.ArrayList<java.lang.Object>

[2020-02-27 14:11:39 #13 type.registry] 
New type java.util.Vector<java.lang.Object>

------------------------------------------------------------------------------------------------------------------------

[2020-02-27 14:12:03 #1 store] 
Database '/home/jonander/git/Sprint_1/Bets/resources/bets.temp' is opened by 4020@pop-os

[2020-02-27 14:12:03 #2 type.registry] 
New type domain.User

[2020-02-27 14:12:03 #3 type] 
Type domain.User is not enhanced.

[2020-02-27 14:12:03 #4 type.registry] 
New type domain.Bet

[2020-02-27 14:12:03 #5 type.registry] 
New type java.util.ArrayList<domain.Bet>

[2020-02-27 14:12:03 #6 type] 
Type domain.Bet is not enhanced.

[2020-02-27 14:12:03 #7 type.registry] 
New type domain.Question

[2020-02-27 14:12:03 #8 type] 
Type domain.Question is not enhanced.

[2020-02-27 14:12:03 #9 type.registry] 
New type domain.Event

[2020-02-27 14:12:03 #10 type] 
Type domain.Event is not enhanced.

[2020-02-27 14:12:03 #11 type.registry] 
New type java.util.Vector<domain.Question>

[2020-02-27 14:12:03 #12 type.registry] 
New type java.util.ArrayList<java.lang.Object>

[2020-02-27 14:12:03 #13 type.registry] 
New type java.util.Vector<java.lang.Object>

------------------------------------------------------------------------------------------------------------------------

[2020-02-27 14:12:16 #1 store] 
Database '/home/jonander/git/Sprint_1/Bets/resources/bets.temp' is opened by 4093@pop-os

[2020-02-27 14:12:16 #2 type.registry] 
New type domain.User

[2020-02-27 14:12:16 #3 type] 
Type domain.User is not enhanced.

[2020-02-27 14:12:16 #4 type.registry] 
New type domain.Bet

[2020-02-27 14:12:16 #5 type.registry] 
New type java.util.ArrayList<domain.Bet>

[2020-02-27 14:12:16 #6 type] 
Type domain.Bet is not enhanced.

[2020-02-27 14:12:16 #7 type.registry] 
New type domain.Question

[2020-02-27 14:12:16 #8 type] 
Type domain.Question is not enhanced.

[2020-02-27 14:12:16 #9 type.registry] 
New type domain.Event

[2020-02-27 14:12:16 #10 type] 
Type domain.Event is not enhanced.

[2020-02-27 14:12:16 #11 type.registry] 
New type java.util.Vector<domain.Question>

[2020-02-27 14:12:16 #12 type.registry] 
New type java.util.ArrayList<java.lang.Object>

[2020-02-27 14:12:16 #13 type.registry] 
New type java.util.Vector<java.lang.Object>

------------------------------------------------------------------------------------------------------------------------

[2020-02-27 14:45:23 #1 store] 
Database '/home/jonander/git/Sprint_1/Bets/resources/bets.temp' is opened by 4490@pop-os

[2020-02-27 14:45:23 #2 type.registry] 
New type domain.User

[2020-02-27 14:45:23 #3 type] 
Type domain.User is not enhanced.

[2020-02-27 14:45:23 #4 type.registry] 
New type domain.Bet

[2020-02-27 14:45:23 #5 type.registry] 
New type java.util.ArrayList<domain.Bet>

[2020-02-27 14:45:23 #6 type] 
Type domain.Bet is not enhanced.

[2020-02-27 14:45:23 #7 type.registry] 
New type domain.Question

[2020-02-27 14:45:23 #8 type] 
Type domain.Question is not enhanced.

[2020-02-27 14:45:23 #9 type.registry] 
New type domain.Event

[2020-02-27 14:45:23 #10 type] 
Type domain.Event is not enhanced.

[2020-02-27 14:45:23 #11 type.registry] 
New type java.util.Vector<domain.Question>

[2020-02-27 14:45:23 #12 type.registry] 
New type java.util.ArrayList<java.lang.Object>

[2020-02-27 14:45:23 #13 type.registry] 
New type java.util.Vector<java.lang.Object>

------------------------------------------------------------------------------------------------------------------------

[2020-02-27 14:46:36 #1 store] 
Database '/home/jonander/git/Sprint_1/Bets/resources/bets.temp' is opened by 4618@pop-os

[2020-02-27 14:46:36 #2 type.registry] 
New type domain.User

[2020-02-27 14:46:36 #3 type] 
Type domain.User is not enhanced.

[2020-02-27 14:46:36 #4 type.registry] 
New type domain.Bet

[2020-02-27 14:46:36 #5 type.registry] 
New type java.util.ArrayList<domain.Bet>

[2020-02-27 14:46:36 #6 type] 
Type domain.Bet is not enhanced.

[2020-02-27 14:46:36 #7 type.registry] 
New type domain.Question

[2020-02-27 14:46:36 #8 type] 
Type domain.Question is not enhanced.

[2020-02-27 14:46:36 #9 type.registry] 
New type domain.Event

[2020-02-27 14:46:36 #10 type] 
Type domain.Event is not enhanced.

[2020-02-27 14:46:36 #11 type.registry] 
New type java.util.Vector<domain.Question>

[2020-02-27 14:46:36 #12 type.registry] 
New type java.util.ArrayList<java.lang.Object>

[2020-02-27 14:46:36 #13 type.registry] 
New type java.util.Vector<java.lang.Object>

------------------------------------------------------------------------------------------------------------------------

[2020-02-27 14:49:22 #1 store] 
Database '/home/jonander/git/Sprint_1/Bets/resources/bets.temp' is opened by 4725@pop-os

[2020-02-27 14:49:22 #2 type.registry] 
New type domain.User

[2020-02-27 14:49:22 #3 type] 
Type domain.User is not enhanced.

[2020-02-27 14:49:22 #4 type.registry] 
New type domain.Bet

[2020-02-27 14:49:22 #5 type.registry] 
New type java.util.ArrayList<domain.Bet>

[2020-02-27 14:49:22 #6 type] 
Type domain.Bet is not enhanced.

[2020-02-27 14:49:22 #7 type.registry] 
New type domain.Question

[2020-02-27 14:49:22 #8 type] 
Type domain.Question is not enhanced.

[2020-02-27 14:49:22 #9 type.registry] 
New type domain.Event

[2020-02-27 14:49:22 #10 type] 
Type domain.Event is not enhanced.

[2020-02-27 14:49:22 #11 type.registry] 
New type java.util.Vector<domain.Question>

[2020-02-27 14:49:22 #12 type.registry] 
New type java.util.ArrayList<java.lang.Object>

[2020-02-27 14:49:22 #13 type.registry] 
New type java.util.Vector<java.lang.Object>

------------------------------------------------------------------------------------------------------------------------

[2020-02-27 14:50:00 #1 store] 
Database '/home/jonander/git/Sprint_1/Bets/resources/bets.temp' is opened by 4787@pop-os

[2020-02-27 14:50:00 #2 type.registry] 
New type domain.User

[2020-02-27 14:50:00 #3 type] 
Type domain.User is not enhanced.

[2020-02-27 14:50:00 #4 type.registry] 
New type domain.Bet

[2020-02-27 14:50:00 #5 type.registry] 
New type java.util.ArrayList<domain.Bet>

[2020-02-27 14:50:00 #6 type] 
Type domain.Bet is not enhanced.

[2020-02-27 14:50:00 #7 type.registry] 
New type domain.Question

[2020-02-27 14:50:00 #8 type] 
Type domain.Question is not enhanced.

[2020-02-27 14:50:00 #9 type.registry] 
New type domain.Event

[2020-02-27 14:50:00 #10 type] 
Type domain.Event is not enhanced.

[2020-02-27 14:50:00 #11 type.registry] 
New type java.util.Vector<domain.Question>

[2020-02-27 14:50:00 #12 type.registry] 
New type java.util.ArrayList<java.lang.Object>

[2020-02-27 14:50:00 #13 type.registry] 
New type java.util.Vector<java.lang.Object>

------------------------------------------------------------------------------------------------------------------------

[2020-02-27 14:51:20 #1 store] 
Database '/home/jonander/git/Sprint_1/Bets/resources/bets.temp' is opened by 4977@pop-os

[2020-02-27 14:51:20 #2 type.registry] 
New type domain.User

[2020-02-27 14:51:20 #3 type] 
Type domain.User is not enhanced.

[2020-02-27 14:51:20 #4 type.registry] 
New type domain.Bet

[2020-02-27 14:51:20 #5 type.registry] 
New type java.util.ArrayList<domain.Bet>

[2020-02-27 14:51:20 #6 type] 
Type domain.Bet is not enhanced.

[2020-02-27 14:51:20 #7 type.registry] 
New type domain.Question

[2020-02-27 14:51:20 #8 type] 
Type domain.Question is not enhanced.

[2020-02-27 14:51:20 #9 type.registry] 
New type domain.Event

[2020-02-27 14:51:20 #10 type] 
Type domain.Event is not enhanced.

[2020-02-27 14:51:20 #11 type.registry] 
New type java.util.Vector<domain.Question>

[2020-02-27 14:51:20 #12 type.registry] 
New type java.util.ArrayList<java.lang.Object>

[2020-02-27 14:51:20 #13 type.registry] 
New type java.util.Vector<java.lang.Object>

------------------------------------------------------------------------------------------------------------------------

[2020-02-27 14:51:31 #1 store] 
Database '/home/jonander/git/Sprint_1/Bets/resources/bets.temp' is opened by 5016@pop-os

[2020-02-27 14:51:31 #2 type.registry] 
New type domain.User

[2020-02-27 14:51:31 #3 type] 
Type domain.User is not enhanced.

[2020-02-27 14:51:31 #4 type.registry] 
New type domain.Bet

[2020-02-27 14:51:31 #5 type.registry] 
New type java.util.ArrayList<domain.Bet>

[2020-02-27 14:51:31 #6 type] 
Type domain.Bet is not enhanced.

[2020-02-27 14:51:31 #7 type.registry] 
New type domain.Question

[2020-02-27 14:51:31 #8 type] 
Type domain.Question is not enhanced.

[2020-02-27 14:51:31 #9 type.registry] 
New type domain.Event

[2020-02-27 14:51:31 #10 type] 
Type domain.Event is not enhanced.

[2020-02-27 14:51:31 #11 type.registry] 
New type java.util.Vector<domain.Question>

[2020-02-27 14:51:31 #12 type.registry] 
New type java.util.ArrayList<java.lang.Object>

[2020-02-27 14:51:31 #13 type.registry] 
New type java.util.Vector<java.lang.Object>

------------------------------------------------------------------------------------------------------------------------

[2020-02-27 14:57:05 #1 store] 
Database '/home/jonander/git/Sprint_1/Bets/resources/bets.temp' is opened by 5502@pop-os

[2020-02-27 14:57:05 #2 type.registry] 
New type domain.User

[2020-02-27 14:57:05 #3 type] 
Type domain.User is not enhanced.

[2020-02-27 14:57:05 #4 type.registry] 
New type domain.Bet

[2020-02-27 14:57:05 #5 type.registry] 
New type java.util.ArrayList<domain.Bet>

[2020-02-27 14:57:05 #6 type] 
Type domain.Bet is not enhanced.

[2020-02-27 14:57:05 #7 type.registry] 
New type domain.Question

[2020-02-27 14:57:05 #8 type] 
Type domain.Question is not enhanced.

[2020-02-27 14:57:05 #9 type.registry] 
New type domain.Event

[2020-02-27 14:57:05 #10 type] 
Type domain.Event is not enhanced.

[2020-02-27 14:57:05 #11 type.registry] 
New type java.util.Vector<domain.Question>

[2020-02-27 14:57:05 #12 type.registry] 
New type java.util.ArrayList<java.lang.Object>

[2020-02-27 14:57:05 #13 type.registry] 
New type java.util.Vector<java.lang.Object>

------------------------------------------------------------------------------------------------------------------------

[2020-02-27 14:57:56 #1 store] 
Database '/home/jonander/git/Sprint_1/Bets/resources/bets.temp' is opened by 5577@pop-os

[2020-02-27 14:57:57 #2 type.registry] 
New type domain.User

[2020-02-27 14:57:57 #3 type] 
Type domain.User is not enhanced.

[2020-02-27 14:57:57 #4 type.registry] 
New type domain.Bet

[2020-02-27 14:57:57 #5 type.registry] 
New type java.util.ArrayList<domain.Bet>

[2020-02-27 14:57:57 #6 type] 
Type domain.Bet is not enhanced.

[2020-02-27 14:57:57 #7 type.registry] 
New type domain.Question

[2020-02-27 14:57:57 #8 type] 
Type domain.Question is not enhanced.

[2020-02-27 14:57:57 #9 type.registry] 
New type domain.Event

[2020-02-27 14:57:57 #10 type] 
Type domain.Event is not enhanced.

[2020-02-27 14:57:57 #11 type.registry] 
New type java.util.Vector<domain.Question>

[2020-02-27 14:57:57 #12 type.registry] 
New type java.util.ArrayList<java.lang.Object>

[2020-02-27 14:57:57 #13 type.registry] 
New type java.util.Vector<java.lang.Object>

------------------------------------------------------------------------------------------------------------------------

[2020-02-27 14:59:50 #1 store] 
Database '/home/jonander/git/Sprint_1/Bets/resources/bets.temp' is opened by 5733@pop-os

[2020-02-27 14:59:50 #2 type.registry] 
New type domain.User

[2020-02-27 14:59:50 #3 type] 
Type domain.User is not enhanced.

[2020-02-27 14:59:50 #4 type.registry] 
New type domain.Bet

[2020-02-27 14:59:50 #5 type.registry] 
New type java.util.ArrayList<domain.Bet>

[2020-02-27 14:59:50 #6 type] 
Type domain.Bet is not enhanced.

[2020-02-27 14:59:50 #7 type.registry] 
New type domain.Question

[2020-02-27 14:59:50 #8 type] 
Type domain.Question is not enhanced.

[2020-02-27 14:59:50 #9 type.registry] 
New type domain.Event

[2020-02-27 14:59:50 #10 type] 
Type domain.Event is not enhanced.

[2020-02-27 14:59:50 #11 type.registry] 
New type java.util.Vector<domain.Question>

[2020-02-27 14:59:50 #12 type.registry] 
New type java.util.ArrayList<java.lang.Object>

[2020-02-27 14:59:50 #13 type.registry] 
New type java.util.Vector<java.lang.Object>

------------------------------------------------------------------------------------------------------------------------

[2020-02-27 15:10:41 #1 store] 
Database '/home/jonander/git/Sprint_1/Bets/resources/bets.temp' is opened by 6875@pop-os

[2020-02-27 15:10:42 #2 type.registry] 
New type domain.User

[2020-02-27 15:10:42 #3 type] 
Type domain.User is not enhanced.

[2020-02-27 15:10:42 #4 type.registry] 
New type domain.Bet

[2020-02-27 15:10:42 #5 type.registry] 
New type java.util.ArrayList<domain.Bet>

[2020-02-27 15:10:42 #6 type] 
Type domain.Bet is not enhanced.

[2020-02-27 15:10:42 #7 type.registry] 
New type domain.Question

[2020-02-27 15:10:42 #8 type] 
Type domain.Question is not enhanced.

[2020-02-27 15:10:42 #9 type.registry] 
New type domain.Event

[2020-02-27 15:10:42 #10 type] 
Type domain.Event is not enhanced.

[2020-02-27 15:10:42 #11 type.registry] 
New type java.util.Vector<domain.Question>

[2020-02-27 15:10:42 #12 type.registry] 
New type java.util.ArrayList<java.lang.Object>

[2020-02-27 15:10:42 #13 type.registry] 
New type java.util.Vector<java.lang.Object>

------------------------------------------------------------------------------------------------------------------------

[2020-02-27 15:11:29 #1 store] 
Database '/home/jonander/git/Sprint_1/Bets/resources/bets.temp' is opened by 6998@pop-os

[2020-02-27 15:11:29 #2 type.registry] 
New type domain.User

[2020-02-27 15:11:29 #3 type] 
Type domain.User is not enhanced.

[2020-02-27 15:11:29 #4 type.registry] 
New type domain.Bet

[2020-02-27 15:11:29 #5 type.registry] 
New type java.util.ArrayList<domain.Bet>

[2020-02-27 15:11:29 #6 type] 
Type domain.Bet is not enhanced.

[2020-02-27 15:11:29 #7 type.registry] 
New type domain.Question

[2020-02-27 15:11:29 #8 type] 
Type domain.Question is not enhanced.

[2020-02-27 15:11:29 #9 type.registry] 
New type domain.Event

[2020-02-27 15:11:29 #10 type] 
Type domain.Event is not enhanced.

[2020-02-27 15:11:29 #11 type.registry] 
New type java.util.Vector<domain.Question>

[2020-02-27 15:11:29 #12 type.registry] 
New type java.util.ArrayList<java.lang.Object>

[2020-02-27 15:11:29 #13 type.registry] 
New type java.util.Vector<java.lang.Object>

------------------------------------------------------------------------------------------------------------------------

[2020-02-27 15:12:07 #1 store] 
Database '/home/jonander/git/Sprint_1/Bets/resources/bets.temp' is opened by 7139@pop-os

[2020-02-27 15:12:07 #2 type.registry] 
New type domain.User

[2020-02-27 15:12:07 #3 type] 
Type domain.User is not enhanced.

[2020-02-27 15:12:07 #4 type.registry] 
New type domain.Bet

[2020-02-27 15:12:07 #5 type.registry] 
New type java.util.ArrayList<domain.Bet>

[2020-02-27 15:12:07 #6 type] 
Type domain.Bet is not enhanced.

[2020-02-27 15:12:07 #7 type.registry] 
New type domain.Question

[2020-02-27 15:12:07 #8 type] 
Type domain.Question is not enhanced.

[2020-02-27 15:12:07 #9 type.registry] 
New type domain.Event

[2020-02-27 15:12:07 #10 type] 
Type domain.Event is not enhanced.

[2020-02-27 15:12:07 #11 type.registry] 
New type java.util.Vector<domain.Question>

[2020-02-27 15:12:07 #12 type.registry] 
New type java.util.ArrayList<java.lang.Object>

[2020-02-27 15:12:07 #13 type.registry] 
New type java.util.Vector<java.lang.Object>

------------------------------------------------------------------------------------------------------------------------

[2020-02-27 15:12:47 #1 store] 
Database '/home/jonander/git/Sprint_1/Bets/resources/bets.temp' is opened by 7250@pop-os

[2020-02-27 15:12:47 #2 type.registry] 
New type domain.User

[2020-02-27 15:12:47 #3 type] 
Type domain.User is not enhanced.

[2020-02-27 15:12:47 #4 type.registry] 
New type domain.Bet

[2020-02-27 15:12:47 #5 type.registry] 
New type java.util.ArrayList<domain.Bet>

[2020-02-27 15:12:47 #6 type] 
Type domain.Bet is not enhanced.

[2020-02-27 15:12:47 #7 type.registry] 
New type domain.Question

[2020-02-27 15:12:47 #8 type] 
Type domain.Question is not enhanced.

[2020-02-27 15:12:47 #9 type.registry] 
New type domain.Event

[2020-02-27 15:12:47 #10 type] 
Type domain.Event is not enhanced.

[2020-02-27 15:12:47 #11 type.registry] 
New type java.util.Vector<domain.Question>

[2020-02-27 15:12:47 #12 type.registry] 
New type java.util.ArrayList<java.lang.Object>

[2020-02-27 15:12:47 #13 type.registry] 
New type java.util.Vector<java.lang.Object>

------------------------------------------------------------------------------------------------------------------------

[2020-02-27 15:15:19 #1 store] 
Database '/home/jonander/git/Sprint_1/Bets/resources/bets.temp' is opened by 7526@pop-os

[2020-02-27 15:15:19 #2 type.registry] 
New type domain.User

[2020-02-27 15:15:19 #3 type] 
Type domain.User is not enhanced.

[2020-02-27 15:15:19 #4 type.registry] 
New type domain.Bet

[2020-02-27 15:15:19 #5 type.registry] 
New type java.util.ArrayList<domain.Bet>

[2020-02-27 15:15:19 #6 type] 
Type domain.Bet is not enhanced.

[2020-02-27 15:15:19 #7 type.registry] 
New type domain.Question

[2020-02-27 15:15:19 #8 type] 
Type domain.Question is not enhanced.

[2020-02-27 15:15:19 #9 type.registry] 
New type domain.Event

[2020-02-27 15:15:19 #10 type] 
Type domain.Event is not enhanced.

[2020-02-27 15:15:19 #11 type.registry] 
New type java.util.Vector<domain.Question>

[2020-02-27 15:15:19 #12 type.registry] 
New type java.util.ArrayList<java.lang.Object>

[2020-02-27 15:15:19 #13 type.registry] 
New type java.util.Vector<java.lang.Object>

------------------------------------------------------------------------------------------------------------------------

[2020-02-27 15:16:40 #1 store] 
Database '/home/jonander/git/Sprint_1/Bets/resources/bets.temp' is opened by 7611@pop-os

[2020-02-27 15:16:40 #2 type.registry] 
New type domain.User

[2020-02-27 15:16:40 #3 type] 
Type domain.User is not enhanced.

[2020-02-27 15:16:40 #4 type.registry] 
New type domain.Bet

[2020-02-27 15:16:40 #5 type.registry] 
New type java.util.ArrayList<domain.Bet>

[2020-02-27 15:16:40 #6 type] 
Type domain.Bet is not enhanced.

[2020-02-27 15:16:40 #7 type.registry] 
New type domain.Question

[2020-02-27 15:16:40 #8 type] 
Type domain.Question is not enhanced.

[2020-02-27 15:16:40 #9 type.registry] 
New type domain.Event

[2020-02-27 15:16:40 #10 type] 
Type domain.Event is not enhanced.

[2020-02-27 15:16:40 #11 type.registry] 
New type java.util.Vector<domain.Question>

[2020-02-27 15:16:40 #12 type.registry] 
New type java.util.ArrayList<java.lang.Object>

[2020-02-27 15:16:40 #13 type.registry] 
New type java.util.Vector<java.lang.Object>

------------------------------------------------------------------------------------------------------------------------

[2020-02-27 15:17:45 #1 store] 
Database '/home/jonander/git/Sprint_1/Bets/resources/bets.temp' is opened by 7799@pop-os

[2020-02-27 15:17:45 #2 type.registry] 
New type domain.User

[2020-02-27 15:17:45 #3 type] 
Type domain.User is not enhanced.

[2020-02-27 15:17:45 #4 type.registry] 
New type domain.Bet

[2020-02-27 15:17:45 #5 type.registry] 
New type java.util.ArrayList<domain.Bet>

[2020-02-27 15:17:45 #6 type] 
Type domain.Bet is not enhanced.

[2020-02-27 15:17:45 #7 type.registry] 
New type domain.Question

[2020-02-27 15:17:45 #8 type] 
Type domain.Question is not enhanced.

[2020-02-27 15:17:45 #9 type.registry] 
New type domain.Event

[2020-02-27 15:17:45 #10 type] 
Type domain.Event is not enhanced.

[2020-02-27 15:17:45 #11 type.registry] 
New type java.util.Vector<domain.Question>

[2020-02-27 15:17:45 #12 type.registry] 
New type java.util.ArrayList<java.lang.Object>

[2020-02-27 15:17:45 #13 type.registry] 
New type java.util.Vector<java.lang.Object>

------------------------------------------------------------------------------------------------------------------------

[2020-02-27 15:25:01 #1 store] 
Database '/home/jonander/git/Sprint_1/Bets/resources/bets.temp' is opened by 8507@pop-os

[2020-02-27 15:25:01 #2 type.registry] 
New type domain.User

[2020-02-27 15:25:01 #3 type] 
Type domain.User is not enhanced.

[2020-02-27 15:25:01 #4 type.registry] 
New type domain.Bet

[2020-02-27 15:25:01 #5 type.registry] 
New type java.util.ArrayList<domain.Bet>

[2020-02-27 15:25:01 #6 type] 
Type domain.Bet is not enhanced.

[2020-02-27 15:25:01 #7 type.registry] 
New type domain.Question

[2020-02-27 15:25:01 #8 type] 
Type domain.Question is not enhanced.

[2020-02-27 15:25:01 #9 type.registry] 
New type domain.Event

[2020-02-27 15:25:01 #10 type] 
Type domain.Event is not enhanced.

[2020-02-27 15:25:01 #11 type.registry] 
New type java.util.Vector<domain.Question>

[2020-02-27 15:25:01 #12 type.registry] 
New type java.util.ArrayList<java.lang.Object>

[2020-02-27 15:25:01 #13 type.registry] 
New type java.util.Vector<java.lang.Object>

------------------------------------------------------------------------------------------------------------------------

[2020-02-27 15:27:19 #1 store] 
Database '/home/jonander/git/Sprint_1/Bets/resources/bets.temp' is opened by 8698@pop-os

[2020-02-27 15:27:19 #2 type.registry] 
New type domain.User

[2020-02-27 15:27:19 #3 type] 
Type domain.User is not enhanced.

[2020-02-27 15:27:19 #4 type.registry] 
New type domain.Bet

[2020-02-27 15:27:19 #5 type.registry] 
New type java.util.ArrayList<domain.Bet>

[2020-02-27 15:27:19 #6 type] 
Type domain.Bet is not enhanced.

[2020-02-27 15:27:19 #7 type.registry] 
New type domain.Question

[2020-02-27 15:27:19 #8 type] 
Type domain.Question is not enhanced.

[2020-02-27 15:27:19 #9 type.registry] 
New type domain.Event

[2020-02-27 15:27:19 #10 type] 
Type domain.Event is not enhanced.

[2020-02-27 15:27:19 #11 type.registry] 
New type java.util.Vector<domain.Question>

[2020-02-27 15:27:19 #12 type.registry] 
New type java.util.ArrayList<java.lang.Object>

[2020-02-27 15:27:19 #13 type.registry] 
New type java.util.Vector<java.lang.Object>

------------------------------------------------------------------------------------------------------------------------

[2020-02-27 15:37:43 #1 store] 
Database '/home/jonander/git/Sprint_1/Bets/resources/bets.temp' is opened by 9673@pop-os

[2020-02-27 15:37:43 #2 type.registry] 
New type domain.User

[2020-02-27 15:37:43 #3 type] 
Type domain.User is not enhanced.

[2020-02-27 15:37:43 #4 type.registry] 
New type domain.Bet

[2020-02-27 15:37:43 #5 type.registry] 
New type java.util.ArrayList<domain.Bet>

[2020-02-27 15:37:43 #6 type] 
Type domain.Bet is not enhanced.

[2020-02-27 15:37:43 #7 type.registry] 
New type domain.Question

[2020-02-27 15:37:43 #8 type] 
Type domain.Question is not enhanced.

[2020-02-27 15:37:43 #9 type.registry] 
New type domain.Event

[2020-02-27 15:37:43 #10 type] 
Type domain.Event is not enhanced.

[2020-02-27 15:37:43 #11 type.registry] 
New type java.util.Vector<domain.Question>

[2020-02-27 15:37:43 #12 type.registry] 
New type java.util.ArrayList<java.lang.Object>

[2020-02-27 15:37:43 #13 type.registry] 
New type java.util.Vector<java.lang.Object>

------------------------------------------------------------------------------------------------------------------------

[2020-02-27 15:38:56 #1 store] 
Database '/home/jonander/git/Sprint_1/Bets/resources/bets.temp' is opened by 9802@pop-os

[2020-02-27 15:38:56 #2 type.registry] 
New type domain.User

[2020-02-27 15:38:56 #3 type] 
Type domain.User is not enhanced.

[2020-02-27 15:38:56 #4 type.registry] 
New type domain.Bet

[2020-02-27 15:38:56 #5 type.registry] 
New type java.util.ArrayList<domain.Bet>

[2020-02-27 15:38:56 #6 type] 
Type domain.Bet is not enhanced.

[2020-02-27 15:38:56 #7 type.registry] 
New type domain.Question

[2020-02-27 15:38:56 #8 type] 
Type domain.Question is not enhanced.

[2020-02-27 15:38:56 #9 type.registry] 
New type domain.Event

[2020-02-27 15:38:56 #10 type] 
Type domain.Event is not enhanced.

[2020-02-27 15:38:56 #11 type.registry] 
New type java.util.Vector<domain.Question>

[2020-02-27 15:38:56 #12 type.registry] 
New type java.util.ArrayList<java.lang.Object>

[2020-02-27 15:38:56 #13 type.registry] 
New type java.util.Vector<java.lang.Object>

------------------------------------------------------------------------------------------------------------------------

[2020-02-27 15:40:41 #1 store] 
Database '/home/jonander/git/Sprint_1/Bets/resources/bets.temp' is opened by 10272@pop-os

[2020-02-27 15:40:42 #2 type.registry] 
New type domain.User

[2020-02-27 15:40:42 #3 type] 
Type domain.User is not enhanced.

[2020-02-27 15:40:42 #4 type.registry] 
New type domain.Bet

[2020-02-27 15:40:42 #5 type.registry] 
New type java.util.ArrayList<domain.Bet>

[2020-02-27 15:40:42 #6 type] 
Type domain.Bet is not enhanced.

[2020-02-27 15:40:42 #7 type.registry] 
New type domain.Question

[2020-02-27 15:40:42 #8 type] 
Type domain.Question is not enhanced.

[2020-02-27 15:40:42 #9 type.registry] 
New type domain.Event

[2020-02-27 15:40:42 #10 type] 
Type domain.Event is not enhanced.

[2020-02-27 15:40:42 #11 type.registry] 
New type java.util.Vector<domain.Question>

[2020-02-27 15:40:42 #12 type.registry] 
New type java.util.ArrayList<java.lang.Object>

[2020-02-27 15:40:42 #13 type.registry] 
New type java.util.Vector<java.lang.Object>

------------------------------------------------------------------------------------------------------------------------

[2020-02-27 15:43:35 #1 store] 
Database '/home/jonander/git/Sprint_1/Bets/resources/bets.temp' is opened by 10707@pop-os

[2020-02-27 15:43:35 #2 type.registry] 
New type domain.User

[2020-02-27 15:43:35 #3 type] 
Type domain.User is not enhanced.

[2020-02-27 15:43:35 #4 type.registry] 
New type domain.Bet

[2020-02-27 15:43:35 #5 type.registry] 
New type java.util.ArrayList<domain.Bet>

[2020-02-27 15:43:35 #6 type] 
Type domain.Bet is not enhanced.

[2020-02-27 15:43:35 #7 type.registry] 
New type domain.Question

[2020-02-27 15:43:35 #8 type] 
Type domain.Question is not enhanced.

[2020-02-27 15:43:35 #9 type.registry] 
New type domain.Event

[2020-02-27 15:43:35 #10 type] 
Type domain.Event is not enhanced.

[2020-02-27 15:43:35 #11 type.registry] 
New type java.util.Vector<domain.Question>

[2020-02-27 15:43:35 #12 type.registry] 
New type java.util.ArrayList<java.lang.Object>

[2020-02-27 15:43:35 #13 type.registry] 
New type java.util.Vector<java.lang.Object>

------------------------------------------------------------------------------------------------------------------------

[2020-02-27 15:44:32 #1 store] 
Database '/home/jonander/git/Sprint_1/Bets/resources/bets.temp' is opened by 11206@pop-os

[2020-02-27 15:44:32 #2 type.registry] 
New type domain.User

[2020-02-27 15:44:32 #3 type] 
Type domain.User is not enhanced.

[2020-02-27 15:44:32 #4 type.registry] 
New type domain.Bet

[2020-02-27 15:44:32 #5 type.registry] 
New type java.util.ArrayList<domain.Bet>

[2020-02-27 15:44:32 #6 type] 
Type domain.Bet is not enhanced.

[2020-02-27 15:44:32 #7 type.registry] 
New type domain.Question

[2020-02-27 15:44:32 #8 type] 
Type domain.Question is not enhanced.

[2020-02-27 15:44:32 #9 type.registry] 
New type domain.Event

[2020-02-27 15:44:32 #10 type] 
Type domain.Event is not enhanced.

[2020-02-27 15:44:32 #11 type.registry] 
New type java.util.Vector<domain.Question>

[2020-02-27 15:44:32 #12 type.registry] 
New type java.util.ArrayList<java.lang.Object>

[2020-02-27 15:44:32 #13 type.registry] 
New type java.util.Vector<java.lang.Object>

------------------------------------------------------------------------------------------------------------------------

[2020-02-27 15:45:25 #1 store] 
Database '/home/jonander/git/Sprint_1/Bets/resources/bets.temp' is opened by 11520@pop-os

[2020-02-27 15:45:25 #2 type.registry] 
New type domain.User

[2020-02-27 15:45:25 #3 type] 
Type domain.User is not enhanced.

[2020-02-27 15:45:25 #4 type.registry] 
New type domain.Bet

[2020-02-27 15:45:25 #5 type.registry] 
New type java.util.ArrayList<domain.Bet>

[2020-02-27 15:45:25 #6 type] 
Type domain.Bet is not enhanced.

[2020-02-27 15:45:25 #7 type.registry] 
New type domain.Question

[2020-02-27 15:45:25 #8 type] 
Type domain.Question is not enhanced.

[2020-02-27 15:45:25 #9 type.registry] 
New type domain.Event

[2020-02-27 15:45:25 #10 type] 
Type domain.Event is not enhanced.

[2020-02-27 15:45:25 #11 type.registry] 
New type java.util.Vector<domain.Question>

[2020-02-27 15:45:25 #12 type.registry] 
New type java.util.ArrayList<java.lang.Object>

[2020-02-27 15:45:25 #13 type.registry] 
New type java.util.Vector<java.lang.Object>

------------------------------------------------------------------------------------------------------------------------

[2020-02-27 15:46:26 #1 store] 
Database '/home/jonander/git/Sprint_1/Bets/resources/bets.temp' is opened by 11816@pop-os

[2020-02-27 15:46:26 #2 type.registry] 
New type domain.User

[2020-02-27 15:46:26 #3 type] 
Type domain.User is not enhanced.

[2020-02-27 15:46:26 #4 type.registry] 
New type domain.Bet

[2020-02-27 15:46:26 #5 type.registry] 
New type java.util.ArrayList<domain.Bet>

[2020-02-27 15:46:26 #6 type] 
Type domain.Bet is not enhanced.

[2020-02-27 15:46:26 #7 type.registry] 
New type domain.Question

[2020-02-27 15:46:26 #8 type] 
Type domain.Question is not enhanced.

[2020-02-27 15:46:26 #9 type.registry] 
New type domain.Event

[2020-02-27 15:46:26 #10 type] 
Type domain.Event is not enhanced.

[2020-02-27 15:46:26 #11 type.registry] 
New type java.util.Vector<domain.Question>

[2020-02-27 15:46:26 #12 type.registry] 
New type java.util.ArrayList<java.lang.Object>

[2020-02-27 15:46:26 #13 type.registry] 
New type java.util.Vector<java.lang.Object>

------------------------------------------------------------------------------------------------------------------------

[2020-02-27 16:10:24 #1 store] 
Database 'C:\Users\Usuario\git\Sprint_1\Bets\resources\bets.temp' is opened by 12904@DESKTOP-00OS7EM

[2020-02-27 16:10:25 #2 type.registry] 
New type domain.User

[2020-02-27 16:10:25 #3 type] 
Type domain.User is not enhanced.

[2020-02-27 16:10:25 #4 type.registry] 
New type domain.Bet

[2020-02-27 16:10:25 #5 type.registry] 
New type java.util.ArrayList<domain.Bet>

[2020-02-27 16:10:25 #6 type] 
Type domain.Bet is not enhanced.

[2020-02-27 16:10:25 #7 type.registry] 
New type domain.Question

[2020-02-27 16:10:25 #8 type] 
Type domain.Question is not enhanced.

[2020-02-27 16:10:25 #9 type.registry] 
New type domain.Event

[2020-02-27 16:10:25 #10 type] 
Type domain.Event is not enhanced.

[2020-02-27 16:10:25 #11 type.registry] 
New type java.util.Vector<domain.Question>

[2020-02-27 16:10:25 #12 type.registry] 
New type java.util.ArrayList<java.lang.Object>

[2020-02-27 16:10:25 #13 type.registry] 
New type java.util.Vector<java.lang.Object>

------------------------------------------------------------------------------------------------------------------------

[2020-02-27 16:15:23 #1 store] 
Database 'C:\Users\Usuario\git\Sprint_1\Bets\resources\bets.temp' is opened by 18036@DESKTOP-00OS7EM

[2020-02-27 16:15:24 #2 type.registry] 
New type domain.User

[2020-02-27 16:15:24 #3 type] 
Type domain.User is not enhanced.

[2020-02-27 16:15:24 #4 type.registry] 
New type domain.Bet

[2020-02-27 16:15:24 #5 type.registry] 
New type java.util.ArrayList<domain.Bet>

[2020-02-27 16:15:24 #6 type] 
Type domain.Bet is not enhanced.

[2020-02-27 16:15:24 #7 type.registry] 
New type domain.Question

[2020-02-27 16:15:24 #8 type] 
Type domain.Question is not enhanced.

[2020-02-27 16:15:24 #9 type.registry] 
New type domain.Event

[2020-02-27 16:15:24 #10 type] 
Type domain.Event is not enhanced.

[2020-02-27 16:15:24 #11 type.registry] 
New type java.util.Vector<domain.Question>

[2020-02-27 16:15:24 #12 type.registry] 
New type java.util.ArrayList<java.lang.Object>

[2020-02-27 16:15:24 #13 type.registry] 
New type java.util.Vector<java.lang.Object>

------------------------------------------------------------------------------------------------------------------------

[2020-02-27 16:18:25 #1 store] 
Database 'C:\Users\Usuario\git\Sprint_1\Bets\resources\bets.temp' is opened by 12448@DESKTOP-00OS7EM

[2020-02-27 16:18:25 #2 type.registry] 
New type domain.User

[2020-02-27 16:18:25 #3 type] 
Type domain.User is not enhanced.

[2020-02-27 16:18:25 #4 type.registry] 
New type domain.Bet

[2020-02-27 16:18:25 #5 type.registry] 
New type java.util.ArrayList<domain.Bet>

[2020-02-27 16:18:25 #6 type] 
Type domain.Bet is not enhanced.

[2020-02-27 16:18:25 #7 type.registry] 
New type domain.Question

[2020-02-27 16:18:25 #8 type] 
Type domain.Question is not enhanced.

[2020-02-27 16:18:25 #9 type.registry] 
New type domain.Event

[2020-02-27 16:18:25 #10 type] 
Type domain.Event is not enhanced.

[2020-02-27 16:18:25 #11 type.registry] 
New type java.util.Vector<domain.Question>

[2020-02-27 16:18:25 #12 type.registry] 
New type java.util.ArrayList<java.lang.Object>

[2020-02-27 16:18:25 #13 type.registry] 
New type java.util.Vector<java.lang.Object>

------------------------------------------------------------------------------------------------------------------------

[2020-02-27 16:24:40 #1 store] 
Database 'C:\Users\Usuario\git\Sprint_1\Bets\resources\bets.temp' is opened by 5140@DESKTOP-00OS7EM

[2020-02-27 16:24:40 #2 type.registry] 
New type domain.User

[2020-02-27 16:24:40 #3 type] 
Type domain.User is not enhanced.

[2020-02-27 16:24:40 #4 type.registry] 
New type domain.Bet

[2020-02-27 16:24:40 #5 type.registry] 
New type java.util.ArrayList<domain.Bet>

[2020-02-27 16:24:40 #6 type] 
Type domain.Bet is not enhanced.

[2020-02-27 16:24:40 #7 type.registry] 
New type domain.Question

[2020-02-27 16:24:40 #8 type] 
Type domain.Question is not enhanced.

[2020-02-27 16:24:40 #9 type.registry] 
New type domain.Event

[2020-02-27 16:24:40 #10 type] 
Type domain.Event is not enhanced.

[2020-02-27 16:24:40 #11 type.registry] 
New type java.util.Vector<domain.Question>

[2020-02-27 16:24:40 #12 type.registry] 
New type java.util.ArrayList<java.lang.Object>

[2020-02-27 16:24:40 #13 type.registry] 
New type java.util.Vector<java.lang.Object>

------------------------------------------------------------------------------------------------------------------------

[2020-02-27 16:38:05 #1 store] 
Database 'C:\Users\Usuario\git\Sprint_1\Bets\resources\bets.temp' is opened by 16836@DESKTOP-00OS7EM

[2020-02-27 16:38:05 #2 type.registry] 
New type domain.User

[2020-02-27 16:38:05 #3 type] 
Type domain.User is not enhanced.

[2020-02-27 16:38:05 #4 type.registry] 
New type domain.Bet

[2020-02-27 16:38:05 #5 type.registry] 
New type java.util.ArrayList<domain.Bet>

[2020-02-27 16:38:05 #6 type] 
Type domain.Bet is not enhanced.

[2020-02-27 16:38:05 #7 type.registry] 
New type domain.Question

[2020-02-27 16:38:05 #8 type] 
Type domain.Question is not enhanced.

[2020-02-27 16:38:05 #9 type.registry] 
New type domain.Event

[2020-02-27 16:38:05 #10 type] 
Type domain.Event is not enhanced.

[2020-02-27 16:38:05 #11 type.registry] 
New type java.util.Vector<domain.Question>

[2020-02-27 16:38:05 #12 type.registry] 
New type java.util.ArrayList<java.lang.Object>

[2020-02-27 16:38:05 #13 type.registry] 
New type java.util.Vector<java.lang.Object>

------------------------------------------------------------------------------------------------------------------------

[2020-02-27 17:36:28 #1 store] 
Database 'C:\Users\Usuario\git\Sprint_1\Bets\resources\bets.temp' is opened by 7684@DESKTOP-00OS7EM

[2020-02-27 17:36:28 #2 type.registry] 
New type domain.User

[2020-02-27 17:36:28 #3 type] 
Type domain.User is not enhanced.

[2020-02-27 17:36:28 #4 type.registry] 
New type domain.Bet

[2020-02-27 17:36:28 #5 type.registry] 
New type java.util.ArrayList<domain.Bet>

[2020-02-27 17:36:28 #6 type] 
Type domain.Bet is not enhanced.

[2020-02-27 17:36:28 #7 type.registry] 
New type domain.Question

[2020-02-27 17:36:28 #8 type] 
Type domain.Question is not enhanced.

[2020-02-27 17:36:28 #9 type.registry] 
New type domain.Event

[2020-02-27 17:36:28 #10 type] 
Type domain.Event is not enhanced.

[2020-02-27 17:36:28 #11 type.registry] 
New type java.util.Vector<domain.Question>

[2020-02-27 17:36:28 #12 type.registry] 
New type java.util.ArrayList<java.lang.Object>

[2020-02-27 17:36:28 #13 type.registry] 
New type java.util.Vector<java.lang.Object>

------------------------------------------------------------------------------------------------------------------------

[2020-02-27 17:54:41 #1 store] 
Database 'C:\Users\Usuario\git\Sprint_1\Bets\resources\bets.temp' is opened by 14516@DESKTOP-00OS7EM

[2020-02-27 17:54:41 #2 type.registry] 
New type domain.User

[2020-02-27 17:54:41 #3 type] 
Type domain.User is not enhanced.

[2020-02-27 17:54:41 #4 type.registry] 
New type domain.Bet

[2020-02-27 17:54:41 #5 type.registry] 
New type java.util.ArrayList<domain.Bet>

[2020-02-27 17:54:41 #6 type] 
Type domain.Bet is not enhanced.

[2020-02-27 17:54:41 #7 type.registry] 
New type domain.Question

[2020-02-27 17:54:41 #8 type] 
Type domain.Question is not enhanced.

[2020-02-27 17:54:41 #9 type.registry] 
New type domain.Event

[2020-02-27 17:54:41 #10 type] 
Type domain.Event is not enhanced.

[2020-02-27 17:54:41 #11 type.registry] 
New type java.util.Vector<domain.Question>

[2020-02-27 17:54:41 #12 type.registry] 
New type java.util.ArrayList<java.lang.Object>

[2020-02-27 17:54:41 #13 type.registry] 
New type java.util.Vector<java.lang.Object>

------------------------------------------------------------------------------------------------------------------------

[2020-02-27 17:55:59 #1 store] 
Database 'C:\Users\Usuario\git\Sprint_1\Bets\resources\bets.temp' is opened by 15672@DESKTOP-00OS7EM

[2020-02-27 17:55:59 #2 type.registry] 
New type domain.User

[2020-02-27 17:55:59 #3 type] 
Type domain.User is not enhanced.

[2020-02-27 17:55:59 #4 type.registry] 
New type domain.Bet

[2020-02-27 17:55:59 #5 type.registry] 
New type java.util.ArrayList<domain.Bet>

[2020-02-27 17:55:59 #6 type] 
Type domain.Bet is not enhanced.

[2020-02-27 17:55:59 #7 type.registry] 
New type domain.Question

[2020-02-27 17:55:59 #8 type] 
Type domain.Question is not enhanced.

[2020-02-27 17:55:59 #9 type.registry] 
New type domain.Event

[2020-02-27 17:55:59 #10 type] 
Type domain.Event is not enhanced.

[2020-02-27 17:55:59 #11 type.registry] 
New type java.util.Vector<domain.Question>

[2020-02-27 17:55:59 #12 type.registry] 
New type java.util.ArrayList<java.lang.Object>

[2020-02-27 17:55:59 #13 type.registry] 
New type java.util.Vector<java.lang.Object>

------------------------------------------------------------------------------------------------------------------------

[2020-02-27 18:04:12 #1 store] 
Database 'C:\Users\Usuario\git\Sprint_1\Bets\resources\bets.temp' is opened by 17100@DESKTOP-00OS7EM

[2020-02-27 18:04:12 #2 type.registry] 
New type domain.User

[2020-02-27 18:04:12 #3 type] 
Type domain.User is not enhanced.

[2020-02-27 18:04:12 #4 type.registry] 
New type domain.Bet

[2020-02-27 18:04:12 #5 type.registry] 
New type java.util.ArrayList<domain.Bet>

[2020-02-27 18:04:12 #6 type] 
Type domain.Bet is not enhanced.

[2020-02-27 18:04:12 #7 type.registry] 
New type domain.Question

[2020-02-27 18:04:12 #8 type] 
Type domain.Question is not enhanced.

[2020-02-27 18:04:12 #9 type.registry] 
New type domain.Event

[2020-02-27 18:04:12 #10 type] 
Type domain.Event is not enhanced.

[2020-02-27 18:04:12 #11 type.registry] 
New type java.util.Vector<domain.Question>

[2020-02-27 18:04:12 #12 type.registry] 
New type java.util.ArrayList<java.lang.Object>

[2020-02-27 18:04:12 #13 type.registry] 
New type java.util.Vector<java.lang.Object>

------------------------------------------------------------------------------------------------------------------------

[2020-02-27 18:15:51 #1 store] 
Database 'C:\Users\Usuario\git\Sprint_1\Bets\resources\bets.temp' is opened by 9356@DESKTOP-00OS7EM

[2020-02-27 18:15:51 #2 type.registry] 
New type domain.User

[2020-02-27 18:15:51 #3 type] 
Type domain.User is not enhanced.

[2020-02-27 18:15:51 #4 type.registry] 
New type domain.Bet

[2020-02-27 18:15:51 #5 type.registry] 
New type java.util.ArrayList<domain.Bet>

[2020-02-27 18:15:51 #6 type] 
Type domain.Bet is not enhanced.

[2020-02-27 18:15:51 #7 type.registry] 
New type domain.Question

[2020-02-27 18:15:51 #8 type] 
Type domain.Question is not enhanced.

[2020-02-27 18:15:51 #9 type.registry] 
New type domain.Event

[2020-02-27 18:15:51 #10 type] 
Type domain.Event is not enhanced.

[2020-02-27 18:15:51 #11 type.registry] 
New type java.util.Vector<domain.Question>

[2020-02-27 18:15:51 #12 type.registry] 
New type java.util.ArrayList<java.lang.Object>

[2020-02-27 18:15:51 #13 type.registry] 
New type java.util.Vector<java.lang.Object>

------------------------------------------------------------------------------------------------------------------------

[2020-02-27 18:20:18 #1 store] 
Database 'C:\Users\Usuario\git\Sprint_1\Bets\resources\bets.temp' is opened by 1564@DESKTOP-00OS7EM

[2020-02-27 18:20:18 #2 type.registry] 
New type domain.User

[2020-02-27 18:20:18 #3 type] 
Type domain.User is not enhanced.

[2020-02-27 18:20:18 #4 type.registry] 
New type domain.Bet

[2020-02-27 18:20:18 #5 type.registry] 
New type java.util.ArrayList<domain.Bet>

[2020-02-27 18:20:18 #6 type] 
Type domain.Bet is not enhanced.

[2020-02-27 18:20:18 #7 type.registry] 
New type domain.Question

[2020-02-27 18:20:18 #8 type] 
Type domain.Question is not enhanced.

[2020-02-27 18:20:18 #9 type.registry] 
New type domain.Event

[2020-02-27 18:20:18 #10 type] 
Type domain.Event is not enhanced.

[2020-02-27 18:20:18 #11 type.registry] 
New type java.util.Vector<domain.Question>

[2020-02-27 18:20:18 #12 type.registry] 
New type java.util.ArrayList<java.lang.Object>

[2020-02-27 18:20:18 #13 type.registry] 
New type java.util.Vector<java.lang.Object>

------------------------------------------------------------------------------------------------------------------------

[2020-02-27 18:20:48 #1 store] 
Database 'C:\Users\Usuario\git\Sprint_1\Bets\resources\bets.temp' is opened by 9996@DESKTOP-00OS7EM

[2020-02-27 18:20:48 #2 type.registry] 
New type domain.User

[2020-02-27 18:20:48 #3 type] 
Type domain.User is not enhanced.

[2020-02-27 18:20:48 #4 type.registry] 
New type domain.Bet

[2020-02-27 18:20:48 #5 type.registry] 
New type java.util.ArrayList<domain.Bet>

[2020-02-27 18:20:48 #6 type] 
Type domain.Bet is not enhanced.

[2020-02-27 18:20:48 #7 type.registry] 
New type domain.Question

[2020-02-27 18:20:48 #8 type] 
Type domain.Question is not enhanced.

[2020-02-27 18:20:48 #9 type.registry] 
New type domain.Event

[2020-02-27 18:20:48 #10 type] 
Type domain.Event is not enhanced.

[2020-02-27 18:20:48 #11 type.registry] 
New type java.util.Vector<domain.Question>

[2020-02-27 18:20:48 #12 type.registry] 
New type java.util.ArrayList<java.lang.Object>

[2020-02-27 18:20:48 #13 type.registry] 
New type java.util.Vector<java.lang.Object>

------------------------------------------------------------------------------------------------------------------------

[2020-02-27 18:20:57 #1 store] 
Database 'C:\Users\Usuario\git\Sprint_1\Bets\resources\bets.temp' is opened by 10932@DESKTOP-00OS7EM

[2020-02-27 18:20:57 #2 type.registry] 
New type domain.User

[2020-02-27 18:20:57 #3 type] 
Type domain.User is not enhanced.

[2020-02-27 18:20:57 #4 type.registry] 
New type domain.Bet

[2020-02-27 18:20:57 #5 type.registry] 
New type java.util.ArrayList<domain.Bet>

[2020-02-27 18:20:57 #6 type] 
Type domain.Bet is not enhanced.

[2020-02-27 18:20:57 #7 type.registry] 
New type domain.Question

[2020-02-27 18:20:57 #8 type] 
Type domain.Question is not enhanced.

[2020-02-27 18:20:57 #9 type.registry] 
New type domain.Event

[2020-02-27 18:20:57 #10 type] 
Type domain.Event is not enhanced.

[2020-02-27 18:20:57 #11 type.registry] 
New type java.util.Vector<domain.Question>

[2020-02-27 18:20:57 #12 type.registry] 
New type java.util.ArrayList<java.lang.Object>

[2020-02-27 18:20:57 #13 type.registry] 
New type java.util.Vector<java.lang.Object>

------------------------------------------------------------------------------------------------------------------------

[2020-02-27 18:42:51 #1 store] 
Database 'C:\Users\Usuario\git\Sprint_1\Bets\resources\bets.temp' is opened by 14820@DESKTOP-00OS7EM

[2020-02-27 18:42:51 #2 type.registry] 
New type domain.User

[2020-02-27 18:42:51 #3 type] 
Type domain.User is not enhanced.

[2020-02-27 18:42:51 #4 type.registry] 
New type domain.Bet

[2020-02-27 18:42:51 #5 type.registry] 
New type java.util.ArrayList<domain.Bet>

[2020-02-27 18:42:51 #6 type] 
Type domain.Bet is not enhanced.

[2020-02-27 18:42:51 #7 type.registry] 
New type domain.Question

[2020-02-27 18:42:51 #8 type] 
Type domain.Question is not enhanced.

[2020-02-27 18:42:51 #9 type.registry] 
New type domain.Event

[2020-02-27 18:42:51 #10 type] 
Type domain.Event is not enhanced.

[2020-02-27 18:42:51 #11 type.registry] 
New type java.util.Vector<domain.Question>

[2020-02-27 18:42:51 #12 type.registry] 
New type java.util.ArrayList<java.lang.Object>

[2020-02-27 18:42:51 #13 type.registry] 
New type java.util.Vector<java.lang.Object>

------------------------------------------------------------------------------------------------------------------------

[2020-02-27 18:55:26 #1 store] 
Database 'C:\Users\Usuario\git\Sprint_1\Bets\resources\bets.temp' is opened by 17900@DESKTOP-00OS7EM

[2020-02-27 18:55:26 #2 type.registry] 
New type domain.User

[2020-02-27 18:55:26 #3 type] 
Type domain.User is not enhanced.

[2020-02-27 18:55:26 #4 type.registry] 
New type domain.Bet

[2020-02-27 18:55:26 #5 type.registry] 
New type java.util.ArrayList<domain.Bet>

[2020-02-27 18:55:26 #6 type] 
Type domain.Bet is not enhanced.

[2020-02-27 18:55:26 #7 type.registry] 
New type domain.Question

[2020-02-27 18:55:26 #8 type] 
Type domain.Question is not enhanced.

[2020-02-27 18:55:26 #9 type.registry] 
New type domain.Event

[2020-02-27 18:55:26 #10 type] 
Type domain.Event is not enhanced.

[2020-02-27 18:55:26 #11 type.registry] 
New type java.util.Vector<domain.Question>

[2020-02-27 18:55:26 #12 type.registry] 
New type java.util.ArrayList<java.lang.Object>

[2020-02-27 18:55:26 #13 type.registry] 
New type java.util.Vector<java.lang.Object>

------------------------------------------------------------------------------------------------------------------------

[2020-02-27 18:55:29 #1 store] 
Database 'C:\Users\Usuario\git\Sprint_1\Bets\resources\bets.temp' is opened by 3948@DESKTOP-00OS7EM

[2020-02-27 18:55:30 #2 type.registry] 
New type domain.User

[2020-02-27 18:55:30 #3 type] 
Type domain.User is not enhanced.

[2020-02-27 18:55:30 #4 type.registry] 
New type domain.Bet

[2020-02-27 18:55:30 #5 type.registry] 
New type java.util.ArrayList<domain.Bet>

[2020-02-27 18:55:30 #6 type] 
Type domain.Bet is not enhanced.

[2020-02-27 18:55:30 #7 type.registry] 
New type domain.Question

[2020-02-27 18:55:30 #8 type] 
Type domain.Question is not enhanced.

[2020-02-27 18:55:30 #9 type.registry] 
New type domain.Event

[2020-02-27 18:55:30 #10 type] 
Type domain.Event is not enhanced.

[2020-02-27 18:55:30 #11 type.registry] 
New type java.util.Vector<domain.Question>

[2020-02-27 18:55:30 #12 type.registry] 
New type java.util.ArrayList<java.lang.Object>

[2020-02-27 18:55:30 #13 type.registry] 
New type java.util.Vector<java.lang.Object>

------------------------------------------------------------------------------------------------------------------------

[2020-02-27 19:10:32 #1 store] 
Database 'C:\Users\Usuario\git\Sprint_1\Bets\resources\bets.temp' is opened by 16848@DESKTOP-00OS7EM

[2020-02-27 19:10:32 #2 type.registry] 
New type domain.User

[2020-02-27 19:10:32 #3 type] 
Type domain.User is not enhanced.

[2020-02-27 19:10:32 #4 type.registry] 
New type domain.Bet

[2020-02-27 19:10:32 #5 type.registry] 
New type java.util.ArrayList<domain.Bet>

[2020-02-27 19:10:32 #6 type] 
Type domain.Bet is not enhanced.

[2020-02-27 19:10:32 #7 type.registry] 
New type domain.Question

[2020-02-27 19:10:32 #8 type] 
Type domain.Question is not enhanced.

[2020-02-27 19:10:32 #9 type.registry] 
New type domain.Event

[2020-02-27 19:10:32 #10 type] 
Type domain.Event is not enhanced.

[2020-02-27 19:10:32 #11 type.registry] 
New type java.util.Vector<domain.Question>

[2020-02-27 19:10:32 #12 type.registry] 
New type java.util.ArrayList<java.lang.Object>

[2020-02-27 19:10:32 #13 type.registry] 
New type java.util.Vector<java.lang.Object>

------------------------------------------------------------------------------------------------------------------------

[2020-02-27 19:12:00 #1 store] 
Database 'C:\Users\Usuario\git\Sprint_1\Bets\resources\bets.temp' is opened by 8816@DESKTOP-00OS7EM

[2020-02-27 19:12:00 #2 type.registry] 
New type domain.User

[2020-02-27 19:12:00 #3 type] 
Type domain.User is not enhanced.

[2020-02-27 19:12:00 #4 type.registry] 
New type domain.Bet

[2020-02-27 19:12:00 #5 type.registry] 
New type java.util.ArrayList<domain.Bet>

[2020-02-27 19:12:00 #6 type] 
Type domain.Bet is not enhanced.

[2020-02-27 19:12:00 #7 type.registry] 
New type domain.Question

[2020-02-27 19:12:00 #8 type] 
Type domain.Question is not enhanced.

[2020-02-27 19:12:00 #9 type.registry] 
New type domain.Event

[2020-02-27 19:12:00 #10 type] 
Type domain.Event is not enhanced.

[2020-02-27 19:12:00 #11 type.registry] 
New type java.util.Vector<domain.Question>

[2020-02-27 19:12:00 #12 type.registry] 
New type java.util.ArrayList<java.lang.Object>

[2020-02-27 19:12:00 #13 type.registry] 
New type java.util.Vector<java.lang.Object>

------------------------------------------------------------------------------------------------------------------------

[2020-02-27 19:12:24 #1 store] 
Database 'C:\Users\Usuario\git\Sprint_1\Bets\resources\bets.temp' is opened by 10128@DESKTOP-00OS7EM

[2020-02-27 19:12:25 #2 type.registry] 
New type domain.User

[2020-02-27 19:12:25 #3 type] 
Type domain.User is not enhanced.

[2020-02-27 19:12:25 #4 type.registry] 
New type domain.Bet

[2020-02-27 19:12:25 #5 type.registry] 
New type java.util.ArrayList<domain.Bet>

[2020-02-27 19:12:25 #6 type] 
Type domain.Bet is not enhanced.

[2020-02-27 19:12:25 #7 type.registry] 
New type domain.Question

[2020-02-27 19:12:25 #8 type] 
Type domain.Question is not enhanced.

[2020-02-27 19:12:25 #9 type.registry] 
New type domain.Event

[2020-02-27 19:12:25 #10 type] 
Type domain.Event is not enhanced.

[2020-02-27 19:12:25 #11 type.registry] 
New type java.util.Vector<domain.Question>

[2020-02-27 19:12:25 #12 type.registry] 
New type java.util.ArrayList<java.lang.Object>

[2020-02-27 19:12:25 #13 type.registry] 
New type java.util.Vector<java.lang.Object>

------------------------------------------------------------------------------------------------------------------------

[2020-02-27 19:17:07 #1 store] 
Database 'C:\Users\Usuario\git\Sprint_1\Bets\resources\bets.temp' is opened by 11044@DESKTOP-00OS7EM

[2020-02-27 19:17:07 #2 type.registry] 
New type domain.User

[2020-02-27 19:17:07 #3 type] 
Type domain.User is not enhanced.

[2020-02-27 19:17:07 #4 type.registry] 
New type domain.Bet

[2020-02-27 19:17:07 #5 type.registry] 
New type java.util.ArrayList<domain.Bet>

[2020-02-27 19:17:07 #6 type] 
Type domain.Bet is not enhanced.

[2020-02-27 19:17:07 #7 type.registry] 
New type domain.Question

[2020-02-27 19:17:07 #8 type] 
Type domain.Question is not enhanced.

[2020-02-27 19:17:07 #9 type.registry] 
New type domain.Event

[2020-02-27 19:17:07 #10 type] 
Type domain.Event is not enhanced.

[2020-02-27 19:17:07 #11 type.registry] 
New type java.util.Vector<domain.Question>

[2020-02-27 19:17:07 #12 type.registry] 
New type java.util.ArrayList<java.lang.Object>

[2020-02-27 19:17:07 #13 type.registry] 
New type java.util.Vector<java.lang.Object>

------------------------------------------------------------------------------------------------------------------------

[2020-02-27 19:31:14 #1 store] 
Database 'C:\Users\Usuario\git\Sprint_1\Bets\resources\bets.temp' is opened by 11532@DESKTOP-00OS7EM

[2020-02-27 19:31:14 #2 type.registry] 
New type domain.User

[2020-02-27 19:31:14 #3 type] 
Type domain.User is not enhanced.

[2020-02-27 19:31:14 #4 type.registry] 
New type domain.Bet

[2020-02-27 19:31:14 #5 type.registry] 
New type java.util.ArrayList<domain.Bet>

[2020-02-27 19:31:14 #6 type] 
Type domain.Bet is not enhanced.

[2020-02-27 19:31:14 #7 type.registry] 
New type domain.Question

[2020-02-27 19:31:14 #8 type] 
Type domain.Question is not enhanced.

[2020-02-27 19:31:14 #9 type.registry] 
New type domain.Event

[2020-02-27 19:31:14 #10 type] 
Type domain.Event is not enhanced.

[2020-02-27 19:31:14 #11 type.registry] 
New type java.util.Vector<domain.Question>

[2020-02-27 19:31:14 #12 type.registry] 
New type java.util.ArrayList<java.lang.Object>

[2020-02-27 19:31:14 #13 type.registry] 
New type java.util.Vector<java.lang.Object>

------------------------------------------------------------------------------------------------------------------------

[2020-02-27 19:34:39 #1 store] 
Database 'C:\Users\Usuario\git\Sprint_1\Bets\resources\bets.temp' is opened by 2664@DESKTOP-00OS7EM

[2020-02-27 19:34:39 #2 type.registry] 
New type domain.User

[2020-02-27 19:34:39 #3 type] 
Type domain.User is not enhanced.

[2020-02-27 19:34:39 #4 type.registry] 
New type domain.Bet

[2020-02-27 19:34:39 #5 type.registry] 
New type java.util.ArrayList<domain.Bet>

[2020-02-27 19:34:39 #6 type] 
Type domain.Bet is not enhanced.

[2020-02-27 19:34:39 #7 type.registry] 
New type domain.Question

[2020-02-27 19:34:39 #8 type] 
Type domain.Question is not enhanced.

[2020-02-27 19:34:39 #9 type.registry] 
New type domain.Event

[2020-02-27 19:34:39 #10 type] 
Type domain.Event is not enhanced.

[2020-02-27 19:34:39 #11 type.registry] 
New type java.util.Vector<domain.Question>

[2020-02-27 19:34:39 #12 type.registry] 
New type java.util.ArrayList<java.lang.Object>

[2020-02-27 19:34:39 #13 type.registry] 
New type java.util.Vector<java.lang.Object>

------------------------------------------------------------------------------------------------------------------------

[2020-02-27 19:40:06 #1 store] 
Database 'C:\Users\Usuario\git\Sprint_1\Bets\resources\bets.temp' is opened by 4224@DESKTOP-00OS7EM

[2020-02-27 19:40:06 #2 type.registry] 
New type domain.User

[2020-02-27 19:40:06 #3 type] 
Type domain.User is not enhanced.

[2020-02-27 19:40:06 #4 type.registry] 
New type domain.Bet

[2020-02-27 19:40:06 #5 type.registry] 
New type java.util.ArrayList<domain.Bet>

[2020-02-27 19:40:06 #6 type] 
Type domain.Bet is not enhanced.

[2020-02-27 19:40:06 #7 type.registry] 
New type domain.Question

[2020-02-27 19:40:06 #8 type] 
Type domain.Question is not enhanced.

[2020-02-27 19:40:06 #9 type.registry] 
New type domain.Event

[2020-02-27 19:40:06 #10 type] 
Type domain.Event is not enhanced.

[2020-02-27 19:40:06 #11 type.registry] 
New type java.util.Vector<domain.Question>

[2020-02-27 19:40:06 #12 type.registry] 
New type java.util.ArrayList<java.lang.Object>

[2020-02-27 19:40:06 #13 type.registry] 
New type java.util.Vector<java.lang.Object>

------------------------------------------------------------------------------------------------------------------------

[2020-02-27 21:14:11 #1 store] 
Database 'C:\Users\Usuario\git\Sprint_1\Bets\resources\bets.temp' is opened by 19412@DESKTOP-00OS7EM

[2020-02-27 21:14:11 #2 type.registry] 
New type domain.User

[2020-02-27 21:14:11 #3 type] 
Type domain.User is not enhanced.

[2020-02-27 21:14:11 #4 type.registry] 
New type domain.Bet

[2020-02-27 21:14:11 #5 type.registry] 
New type java.util.ArrayList<domain.Bet>

[2020-02-27 21:14:11 #6 type] 
Type domain.Bet is not enhanced.

[2020-02-27 21:14:11 #7 type.registry] 
New type domain.Question

[2020-02-27 21:14:11 #8 type] 
Type domain.Question is not enhanced.

[2020-02-27 21:14:11 #9 type.registry] 
New type domain.Event

[2020-02-27 21:14:11 #10 type] 
Type domain.Event is not enhanced.

[2020-02-27 21:14:11 #11 type.registry] 
New type java.util.Vector<domain.Question>

[2020-02-27 21:14:11 #12 type.registry] 
New type java.util.ArrayList<java.lang.Object>

[2020-02-27 21:14:11 #13 type.registry] 
New type java.util.Vector<java.lang.Object>

------------------------------------------------------------------------------------------------------------------------

[2020-02-27 21:35:44 #1 store] 
Database 'C:\Users\Usuario\git\Sprint_1\Bets\resources\bets.temp' is opened by 1384@DESKTOP-00OS7EM

[2020-02-27 21:35:44 #2 type.registry] 
New type domain.User

[2020-02-27 21:35:44 #3 type] 
Type domain.User is not enhanced.

[2020-02-27 21:35:44 #4 type.registry] 
New type domain.Bet

[2020-02-27 21:35:44 #5 type.registry] 
New type java.util.ArrayList<domain.Bet>

[2020-02-27 21:35:44 #6 type] 
Type domain.Bet is not enhanced.

[2020-02-27 21:35:44 #7 type.registry] 
New type domain.Question

[2020-02-27 21:35:44 #8 type] 
Type domain.Question is not enhanced.

[2020-02-27 21:35:44 #9 type.registry] 
New type domain.Event

[2020-02-27 21:35:44 #10 type] 
Type domain.Event is not enhanced.

[2020-02-27 21:35:44 #11 type.registry] 
New type java.util.Vector<domain.Question>

[2020-02-27 21:35:44 #12 type.registry] 
New type java.util.ArrayList<java.lang.Object>

[2020-02-27 21:35:44 #13 type.registry] 
New type java.util.Vector<java.lang.Object>

------------------------------------------------------------------------------------------------------------------------

[2020-02-27 21:38:01 #1 store] 
Database 'C:\Users\Usuario\git\Sprint_1\Bets\resources\bets.temp' is opened by 2684@DESKTOP-00OS7EM

[2020-02-27 21:38:01 #2 type.registry] 
New type domain.User

[2020-02-27 21:38:01 #3 type] 
Type domain.User is not enhanced.

[2020-02-27 21:38:01 #4 type.registry] 
New type domain.Bet

[2020-02-27 21:38:01 #5 type.registry] 
New type java.util.ArrayList<domain.Bet>

[2020-02-27 21:38:01 #6 type] 
Type domain.Bet is not enhanced.

[2020-02-27 21:38:01 #7 type.registry] 
New type domain.Question

[2020-02-27 21:38:01 #8 type] 
Type domain.Question is not enhanced.

[2020-02-27 21:38:01 #9 type.registry] 
New type domain.Event

[2020-02-27 21:38:01 #10 type] 
Type domain.Event is not enhanced.

[2020-02-27 21:38:01 #11 type.registry] 
New type java.util.Vector<domain.Question>

[2020-02-27 21:38:01 #12 type.registry] 
New type java.util.ArrayList<java.lang.Object>

[2020-02-27 21:38:01 #13 type.registry] 
New type java.util.Vector<java.lang.Object>

------------------------------------------------------------------------------------------------------------------------

[2020-02-27 21:38:41 #1 store] 
Database 'C:\Users\Usuario\git\Sprint_1\Bets\resources\bets.temp' is opened by 18288@DESKTOP-00OS7EM

[2020-02-27 21:38:41 #2 type.registry] 
New type domain.User

[2020-02-27 21:38:41 #3 type] 
Type domain.User is not enhanced.

[2020-02-27 21:38:41 #4 type.registry] 
New type domain.Bet

[2020-02-27 21:38:41 #5 type.registry] 
New type java.util.ArrayList<domain.Bet>

[2020-02-27 21:38:41 #6 type] 
Type domain.Bet is not enhanced.

[2020-02-27 21:38:41 #7 type.registry] 
New type domain.Question

[2020-02-27 21:38:41 #8 type] 
Type domain.Question is not enhanced.

[2020-02-27 21:38:41 #9 type.registry] 
New type domain.Event

[2020-02-27 21:38:41 #10 type] 
Type domain.Event is not enhanced.

[2020-02-27 21:38:41 #11 type.registry] 
New type java.util.Vector<domain.Question>

[2020-02-27 21:38:41 #12 type.registry] 
New type java.util.ArrayList<java.lang.Object>

[2020-02-27 21:38:41 #13 type.registry] 
New type java.util.Vector<java.lang.Object>

------------------------------------------------------------------------------------------------------------------------

[2020-02-27 21:41:14 #1 store] 
Database 'C:\Users\Usuario\git\Sprint_1\Bets\resources\bets.temp' is opened by 14852@DESKTOP-00OS7EM

[2020-02-27 21:41:14 #2 type.registry] 
New type domain.User

[2020-02-27 21:41:14 #3 type] 
Type domain.User is not enhanced.

[2020-02-27 21:41:14 #4 type.registry] 
New type domain.Bet

[2020-02-27 21:41:14 #5 type.registry] 
New type java.util.ArrayList<domain.Bet>

[2020-02-27 21:41:14 #6 type] 
Type domain.Bet is not enhanced.

[2020-02-27 21:41:14 #7 type.registry] 
New type domain.Question

[2020-02-27 21:41:14 #8 type] 
Type domain.Question is not enhanced.

[2020-02-27 21:41:14 #9 type.registry] 
New type domain.Event

[2020-02-27 21:41:14 #10 type] 
Type domain.Event is not enhanced.

[2020-02-27 21:41:14 #11 type.registry] 
New type java.util.Vector<domain.Question>

[2020-02-27 21:41:14 #12 type.registry] 
New type java.util.ArrayList<java.lang.Object>

[2020-02-27 21:41:14 #13 type.registry] 
New type java.util.Vector<java.lang.Object>

------------------------------------------------------------------------------------------------------------------------

[2020-02-27 21:41:59 #1 store] 
Database 'C:\Users\Usuario\git\Sprint_1\Bets\resources\bets.temp' is opened by 11728@DESKTOP-00OS7EM

[2020-02-27 21:41:59 #2 type.registry] 
New type domain.User

[2020-02-27 21:41:59 #3 type] 
Type domain.User is not enhanced.

[2020-02-27 21:41:59 #4 type.registry] 
New type domain.Bet

[2020-02-27 21:41:59 #5 type.registry] 
New type java.util.ArrayList<domain.Bet>

[2020-02-27 21:41:59 #6 type] 
Type domain.Bet is not enhanced.

[2020-02-27 21:41:59 #7 type.registry] 
New type domain.Question

[2020-02-27 21:41:59 #8 type] 
Type domain.Question is not enhanced.

[2020-02-27 21:41:59 #9 type.registry] 
New type domain.Event

[2020-02-27 21:41:59 #10 type] 
Type domain.Event is not enhanced.

[2020-02-27 21:41:59 #11 type.registry] 
New type java.util.Vector<domain.Question>

[2020-02-27 21:41:59 #12 type.registry] 
New type java.util.ArrayList<java.lang.Object>

[2020-02-27 21:41:59 #13 type.registry] 
New type java.util.Vector<java.lang.Object>

------------------------------------------------------------------------------------------------------------------------

[2020-02-27 21:44:02 #1 store] 
Database 'C:\Users\Usuario\git\Sprint_1\Bets\resources\bets.temp' is opened by 18892@DESKTOP-00OS7EM

[2020-02-27 21:44:02 #2 type.registry] 
New type domain.User

[2020-02-27 21:44:02 #3 type] 
Type domain.User is not enhanced.

[2020-02-27 21:44:02 #4 type.registry] 
New type domain.Bet

[2020-02-27 21:44:02 #5 type.registry] 
New type java.util.ArrayList<domain.Bet>

[2020-02-27 21:44:02 #6 type] 
Type domain.Bet is not enhanced.

[2020-02-27 21:44:02 #7 type.registry] 
New type domain.Question

[2020-02-27 21:44:02 #8 type] 
Type domain.Question is not enhanced.

[2020-02-27 21:44:02 #9 type.registry] 
New type domain.Event

[2020-02-27 21:44:02 #10 type] 
Type domain.Event is not enhanced.

[2020-02-27 21:44:02 #11 type.registry] 
New type java.util.Vector<domain.Question>

[2020-02-27 21:44:02 #12 type.registry] 
New type java.util.ArrayList<java.lang.Object>

[2020-02-27 21:44:02 #13 type.registry] 
New type java.util.Vector<java.lang.Object>

------------------------------------------------------------------------------------------------------------------------

[2020-02-27 21:45:24 #1 store] 
Database 'C:\Users\Usuario\git\Sprint_1\Bets\resources\bets.temp' is opened by 6728@DESKTOP-00OS7EM

[2020-02-27 21:45:24 #2 type.registry] 
New type domain.User

[2020-02-27 21:45:24 #3 type] 
Type domain.User is not enhanced.

[2020-02-27 21:45:24 #4 type.registry] 
New type domain.Bet

[2020-02-27 21:45:24 #5 type.registry] 
New type java.util.ArrayList<domain.Bet>

[2020-02-27 21:45:24 #6 type] 
Type domain.Bet is not enhanced.

[2020-02-27 21:45:24 #7 type.registry] 
New type domain.Question

[2020-02-27 21:45:24 #8 type] 
Type domain.Question is not enhanced.

[2020-02-27 21:45:24 #9 type.registry] 
New type domain.Event

[2020-02-27 21:45:24 #10 type] 
Type domain.Event is not enhanced.

[2020-02-27 21:45:24 #11 type.registry] 
New type java.util.Vector<domain.Question>

[2020-02-27 21:45:24 #12 type.registry] 
New type java.util.ArrayList<java.lang.Object>

[2020-02-27 21:45:24 #13 type.registry] 
New type java.util.Vector<java.lang.Object>

------------------------------------------------------------------------------------------------------------------------

[2020-02-27 21:52:53 #1 store] 
Database 'C:\Users\Usuario\git\Sprint_1\Bets\resources\bets.temp' is opened by 2772@DESKTOP-00OS7EM

[2020-02-27 21:52:53 #2 type.registry] 
New type domain.User

[2020-02-27 21:52:53 #3 type] 
Type domain.User is not enhanced.

[2020-02-27 21:52:53 #4 type.registry] 
New type domain.Bet

[2020-02-27 21:52:53 #5 type.registry] 
New type java.util.ArrayList<domain.Bet>

[2020-02-27 21:52:53 #6 type] 
Type domain.Bet is not enhanced.

[2020-02-27 21:52:53 #7 type.registry] 
New type domain.Question

[2020-02-27 21:52:53 #8 type] 
Type domain.Question is not enhanced.

[2020-02-27 21:52:53 #9 type.registry] 
New type domain.Event

[2020-02-27 21:52:53 #10 type] 
Type domain.Event is not enhanced.

[2020-02-27 21:52:53 #11 type.registry] 
New type java.util.Vector<domain.Question>

[2020-02-27 21:52:53 #12 type.registry] 
New type java.util.ArrayList<java.lang.Object>

[2020-02-27 21:52:53 #13 type.registry] 
New type java.util.Vector<java.lang.Object>

------------------------------------------------------------------------------------------------------------------------

[2020-02-27 21:58:40 #1 store] 
Database 'C:\Users\Usuario\git\Sprint_1\Bets\resources\bets.temp' has been recovered (tr. 1-7)

[2020-02-27 21:58:40 #2 store] 
Database 'C:\Users\Usuario\git\Sprint_1\Bets\resources\bets.temp' is opened by 9900@DESKTOP-00OS7EM

[2020-02-27 21:58:40 #3 type] 
Type domain.User is not enhanced.

[2020-02-27 21:58:40 #4 type] 
Type domain.Bet is not enhanced.

[2020-02-27 21:58:40 #5 type] 
Type domain.Question is not enhanced.

[2020-02-27 21:58:40 #6 type] 
Type domain.Event is not enhanced.

------------------------------------------------------------------------------------------------------------------------

[2020-02-27 22:13:32 #1 store] 
Database 'C:\Users\Usuario\git\Sprint_1\Bets\resources\bets.temp' is opened by 13620@DESKTOP-00OS7EM

[2020-02-27 22:13:32 #2 type] 
Type domain.User is not enhanced.

[2020-02-27 22:13:32 #3 type] 
Type domain.Bet is not enhanced.

[2020-02-27 22:13:32 #4 type] 
Type domain.Question is not enhanced.

[2020-02-27 22:13:32 #5 type] 
Type domain.Event is not enhanced.

------------------------------------------------------------------------------------------------------------------------

[2020-02-27 22:17:40 #1 store] 
Database 'C:\Users\Usuario\git\Sprint_1\Bets\resources\bets.temp' is opened by 8052@DESKTOP-00OS7EM

[2020-02-27 22:17:40 #2 type] 
Type domain.User is not enhanced.

[2020-02-27 22:17:40 #3 type] 
Type domain.Bet is not enhanced.

[2020-02-27 22:17:40 #4 type] 
Type domain.Question is not enhanced.

[2020-02-27 22:17:40 #5 type] 
Type domain.Event is not enhanced.

------------------------------------------------------------------------------------------------------------------------

[2020-02-27 22:37:37 #1 store] 
Database 'C:\Users\Usuario\git\Sprint_1\Bets\resources\bets.temp' has been recovered (tr. 9-9)

[2020-02-27 22:37:37 #2 store] 
Database 'C:\Users\Usuario\git\Sprint_1\Bets\resources\bets.temp' is opened by 2620@DESKTOP-00OS7EM

[2020-02-27 22:37:37 #3 type] 
Type domain.User is not enhanced.

[2020-02-27 22:37:37 #4 type] 
Type domain.Bet is not enhanced.

[2020-02-27 22:37:37 #5 type] 
Type domain.Question is not enhanced.

[2020-02-27 22:37:37 #6 type] 
Type domain.Event is not enhanced.

------------------------------------------------------------------------------------------------------------------------

[2020-02-27 22:37:56 #1 store] 
Database 'C:\Users\Usuario\git\Sprint_1\Bets\resources\bets.temp' has been recovered (tr. 10-10)

[2020-02-27 22:37:56 #2 store] 
Database 'C:\Users\Usuario\git\Sprint_1\Bets\resources\bets.temp' is opened by 7252@DESKTOP-00OS7EM

[2020-02-27 22:37:56 #3 type] 
Type domain.User is not enhanced.

[2020-02-27 22:37:56 #4 type] 
Type domain.Bet is not enhanced.

[2020-02-27 22:37:56 #5 type] 
Type domain.Question is not enhanced.

[2020-02-27 22:37:56 #6 type] 
Type domain.Event is not enhanced.

