------------------------------------------------------------------------------------------------------------------------

[2020-02-20 16:47:21 #1 store] 
Database 'C:\Users\Usuario\git\betnruin\Bets\resources\bets.temp' is opened by 15216@DESKTOP-00OS7EM

[2020-02-20 16:47:21 #2 type.registry] 
New type domain.Question

[2020-02-20 16:47:21 #3 type] 
Type domain.Question is not enhanced.

[2020-02-20 16:47:21 #4 type.registry] 
New type domain.Event

[2020-02-20 16:47:21 #5 type] 
Type domain.Event is not enhanced.

[2020-02-20 16:47:21 #6 type.registry] 
New type java.util.Vector<domain.Question>

[2020-02-20 16:47:21 #7 type.registry] 
New type java.util.Vector<java.lang.Object>

------------------------------------------------------------------------------------------------------------------------

[2020-02-20 19:40:41 #1 store] 
Database 'C:\Users\Usuario\git\betnruin\Bets\resources\bets.temp' is opened by 11480@DESKTOP-00OS7EM

[2020-02-20 19:40:41 #2 type.registry] 
New type domain.Question

[2020-02-20 19:40:41 #3 type] 
Type domain.Question is not enhanced.

[2020-02-20 19:40:41 #4 type.registry] 
New type domain.Event

[2020-02-20 19:40:41 #5 type] 
Type domain.Event is not enhanced.

[2020-02-20 19:40:41 #6 type.registry] 
New type java.util.Vector<domain.Question>

[2020-02-20 19:40:41 #7 type.registry] 
New type java.util.Vector<java.lang.Object>

------------------------------------------------------------------------------------------------------------------------

[2020-02-20 19:49:47 #1 store] 
Database 'C:\Users\Usuario\git\betnruin\Bets\resources\bets.temp' is opened by 10848@DESKTOP-00OS7EM

------------------------------------------------------------------------------------------------------------------------

[2020-02-20 19:51:15 #1 store] 
Database 'C:\Users\Usuario\git\betnruin\Bets\resources\bets.temp' is opened by 2760@DESKTOP-00OS7EM

[2020-02-20 19:51:16 #2 type.registry] 
New type domain.User

[2020-02-20 19:51:16 #3 type] 
Type domain.User is not enhanced.

[2020-02-20 19:51:16 #4 type.registry] 
New type domain.Question

[2020-02-20 19:51:16 #5 type] 
Type domain.Question is not enhanced.

[2020-02-20 19:51:16 #6 type.registry] 
New type domain.Event

[2020-02-20 19:51:16 #7 type] 
Type domain.Event is not enhanced.

[2020-02-20 19:51:16 #8 type.registry] 
New type java.util.Vector<domain.Question>

[2020-02-20 19:51:16 #9 type.registry] 
New type java.util.ArrayList<java.lang.Object>

[2020-02-20 19:51:16 #10 type.registry] 
New type java.util.Vector<java.lang.Object>

------------------------------------------------------------------------------------------------------------------------

[2020-02-20 19:54:25 #1 store] 
Database 'C:\Users\Usuario\git\betnruin\Bets\resources\bets.temp' is opened by 8928@DESKTOP-00OS7EM

[2020-02-20 19:54:25 #2 type.registry] 
New type domain.User

[2020-02-20 19:54:25 #3 type] 
Type domain.User is not enhanced.

[2020-02-20 19:54:25 #4 type.registry] 
New type domain.Question

[2020-02-20 19:54:25 #5 type] 
Type domain.Question is not enhanced.

[2020-02-20 19:54:25 #6 type.registry] 
New type domain.Event

[2020-02-20 19:54:25 #7 type] 
Type domain.Event is not enhanced.

[2020-02-20 19:54:25 #8 type.registry] 
New type java.util.Vector<domain.Question>

[2020-02-20 19:54:25 #9 type.registry] 
New type java.util.ArrayList<java.lang.Object>

[2020-02-20 19:54:25 #10 type.registry] 
New type java.util.Vector<java.lang.Object>

------------------------------------------------------------------------------------------------------------------------

[2020-02-20 20:15:43 #1 store] 
Database 'C:\Users\Usuario\git\betnruin\Bets\resources\bets.temp' is opened by 13388@DESKTOP-00OS7EM

[2020-02-20 20:15:43 #2 type.registry] 
New type domain.User

[2020-02-20 20:15:43 #3 type] 
Type domain.User is not enhanced.

[2020-02-20 20:15:43 #4 type.registry] 
New type domain.Question

[2020-02-20 20:15:43 #5 type] 
Type domain.Question is not enhanced.

[2020-02-20 20:15:43 #6 type.registry] 
New type domain.Event

[2020-02-20 20:15:43 #7 type] 
Type domain.Event is not enhanced.

[2020-02-20 20:15:43 #8 type.registry] 
New type java.util.Vector<domain.Question>

[2020-02-20 20:15:43 #9 type.registry] 
New type java.util.ArrayList<java.lang.Object>

[2020-02-20 20:15:43 #10 type.registry] 
New type java.util.Vector<java.lang.Object>

