------------------------------------------------------------------------------------------------------------------------

[2020-02-28 09:20:21 #1 store] 
Database 'C:\Users\ehu\git\Sprint_1\Bets\resources\bets.temp' is opened by 14984@U109517

[2020-02-28 09:20:21 #2 type] 
Type domain.User is not enhanced.

[2020-02-28 09:20:21 #3 type] 
Type domain.Bet is not enhanced.

[2020-02-28 09:20:21 #4 type] 
Type domain.Question is not enhanced.

[2020-02-28 09:20:21 #5 type] 
Type domain.Event is not enhanced.

------------------------------------------------------------------------------------------------------------------------

[2020-02-28 09:23:17 #1 store] 
Database 'C:\Users\ehu\git\Sprint_2\Bets\resources\bets.temp' has been recovered (tr. 12-12)

[2020-02-28 09:23:17 #2 store] 
Database 'C:\Users\ehu\git\Sprint_2\Bets\resources\bets.temp' is opened by 15756@U109516

[2020-02-28 09:23:17 #3 type] 
Type domain.User is not enhanced.

[2020-02-28 09:23:17 #4 type] 
Type domain.Bet is not enhanced.

[2020-02-28 09:23:17 #5 type] 
Type domain.Question is not enhanced.

[2020-02-28 09:23:17 #6 type] 
Type domain.Event is not enhanced.

